<?xml version="1.0" encoding="UTF-8"?>
<robot generator="Robot 6.0.2 (Python 3.11.3 on win32)" generated="20230613 17:15:03.072" rpa="false" schemaversion="3">
<suite id="s1" name="Test Pratique" source="c:\Users\Xynarth\Desktop\troisiemeRobot\TestCases\test_pratique.robot">
<test id="s1-t1" name="tc01" line="9">
<kw name="se connecter au site imsports" library="resources1">
<kw name="Open Browser" library="SeleniumLibrary">
<arg>${url}</arg>
<arg>${browser}</arg>
<doc>Opens a new browser instance to the optional ``url``.</doc>
<msg timestamp="20230613 17:15:03.285" level="INFO">Opening browser 'gc' to base url 'https://imsports.rediff.com/score/in_asa_1081672.html'.</msg>
<status status="PASS" starttime="20230613 17:15:03.285" endtime="20230613 17:15:07.781"/>
</kw>
<kw name="Maximize Browser Window" library="SeleniumLibrary">
<doc>Maximizes current browser window.</doc>
<status status="PASS" starttime="20230613 17:15:07.781" endtime="20230613 17:15:07.899"/>
</kw>
<kw name="Sleep" library="BuiltIn">
<arg>4</arg>
<doc>Pauses the test executed for the given time.</doc>
<msg timestamp="20230613 17:15:11.901" level="INFO">Slept 4 seconds</msg>
<status status="PASS" starttime="20230613 17:15:07.900" endtime="20230613 17:15:11.901"/>
</kw>
<status status="PASS" starttime="20230613 17:15:03.284" endtime="20230613 17:15:11.901"/>
</kw>
<kw name="Afficher le nombre de lignes de la table" library="resources1">
<kw name="Get Element Count" library="SeleniumLibrary">
<var>${numberOfRows}</var>
<arg>//table[@id="bat-board"]//tbody//tr</arg>
<doc>Returns the number of elements matching ``locator``.</doc>
<msg timestamp="20230613 17:15:11.902" level="WARN">Keyword 'Get Element Count' found both from a custom library 'SeleniumLibrary' and a standard library 'XML'. The custom keyword is used. To select explicitly, and to get rid of this warning, use either 'SeleniumLibrary.Get Element Count' or 'XML.Get Element Count'.</msg>
<msg timestamp="20230613 17:15:11.920" level="INFO">${numberOfRows} = 12</msg>
<status status="PASS" starttime="20230613 17:15:11.902" endtime="20230613 17:15:11.921"/>
</kw>
<kw name="Log" library="BuiltIn">
<arg>${numberOfRows}</arg>
<doc>Logs the given message with the given level.</doc>
<msg timestamp="20230613 17:15:11.921" level="INFO">12</msg>
<status status="PASS" starttime="20230613 17:15:11.921" endtime="20230613 17:15:11.921"/>
</kw>
<kw name="Log To Console" library="BuiltIn">
<arg>${numberOfRows}</arg>
<doc>Logs the given message to the console.</doc>
<status status="PASS" starttime="20230613 17:15:11.921" endtime="20230613 17:15:11.922"/>
</kw>
<status status="PASS" starttime="20230613 17:15:11.902" endtime="20230613 17:15:11.922"/>
</kw>
<kw name="Afficher le nombre de colonnes de la table" library="resources1">
<kw name="Get Element Count" library="SeleniumLibrary">
<var>${numberOfColumns}</var>
<arg>//table[@id="bat-board"]//tbody//tr[1]//td</arg>
<doc>Returns the number of elements matching ``locator``.</doc>
<msg timestamp="20230613 17:15:11.924" level="WARN">Keyword 'Get Element Count' found both from a custom library 'SeleniumLibrary' and a standard library 'XML'. The custom keyword is used. To select explicitly, and to get rid of this warning, use either 'SeleniumLibrary.Get Element Count' or 'XML.Get Element Count'.</msg>
<msg timestamp="20230613 17:15:11.939" level="INFO">${numberOfColumns} = 8</msg>
<status status="PASS" starttime="20230613 17:15:11.924" endtime="20230613 17:15:11.939"/>
</kw>
<kw name="Log" library="BuiltIn">
<arg>${numberOfColumns}</arg>
<doc>Logs the given message with the given level.</doc>
<msg timestamp="20230613 17:15:11.939" level="INFO">8</msg>
<status status="PASS" starttime="20230613 17:15:11.939" endtime="20230613 17:15:11.939"/>
</kw>
<kw name="Log To Console" library="BuiltIn">
<arg>${numberOfColumns}</arg>
<doc>Logs the given message to the console.</doc>
<status status="PASS" starttime="20230613 17:15:11.940" endtime="20230613 17:15:11.940"/>
</kw>
<status status="PASS" starttime="20230613 17:15:11.923" endtime="20230613 17:15:11.940"/>
</kw>
<kw name="Afficher les données de la table" library="resources1">
<kw name="Get WebElements" library="SeleniumLibrary">
<var>@{cellContent}</var>
<arg>//table[@id="bat-board"]//tbody//tr//td</arg>
<doc>Returns a list of WebElement objects matching the ``locator``.</doc>
<msg timestamp="20230613 17:15:11.964" level="INFO">@{cellContent} = [ &lt;selenium.webdriver.remote.webelement.WebElement (session="b7d76e94143117e967f6eee072305cbc", element="C3FCB982B20F7C1262E1455BEE26C1FD_element_79")&gt; | &lt;selenium.webdriver.remote.webelement.WebEleme...</msg>
<status status="PASS" starttime="20230613 17:15:11.941" endtime="20230613 17:15:11.964"/>
</kw>
<for flavor="IN">
<var>${text}</var>
<value>@{cellContent}</value>
<iter>
<var name="${text}">&lt;selenium.webdriver.remote.webelement.WebElement (session="b7d76e94143117e967f6eee072305cbc", element="C3FCB982B20F7C1262E1455BEE26C1FD_element_79")&gt;</var>
<kw name="Get Text" library="SeleniumLibrary">
<var>${text}</var>
<arg>${text}</arg>
<doc>Returns the text value of the element identified by ``locator``.</doc>
<msg timestamp="20230613 17:15:11.982" level="INFO">${text} = Sri Lanka</msg>
<status status="PASS" starttime="20230613 17:15:11.965" endtime="20230613 17:15:11.982"/>
</kw>
<kw name="Log" library="BuiltIn">
<arg>${text}</arg>
<doc>Logs the given message with the given level.</doc>
<msg timestamp="20230613 17:15:11.982" level="INFO">Sri Lanka</msg>
<status status="PASS" starttime="20230613 17:15:11.982" endtime="20230613 17:15:11.982"/>
</kw>
<kw name="Log To Console" library="BuiltIn">
<arg>${text}</arg>
<doc>Logs the given message to the console.</doc>
<status status="PASS" starttime="20230613 17:15:11.982" endtime="20230613 17:15:11.983"/>
</kw>
<status status="PASS" starttime="20230613 17:15:11.965" endtime="20230613 17:15:11.983"/>
</iter>
<iter>
<var name="${text}">&lt;selenium.webdriver.remote.webelement.WebElement (session="b7d76e94143117e967f6eee072305cbc", element="C3FCB982B20F7C1262E1455BEE26C1FD_element_80")&gt;</var>
<kw name="Get Text" library="SeleniumLibrary">
<var>${text}</var>
<arg>${text}</arg>
<doc>Returns the text value of the element identified by ``locator``.</doc>
<msg timestamp="20230613 17:15:11.995" level="INFO">${text} = 109-10 (35.5)</msg>
<status status="PASS" starttime="20230613 17:15:11.983" endtime="20230613 17:15:11.995"/>
</kw>
<kw name="Log" library="BuiltIn">
<arg>${text}</arg>
<doc>Logs the given message with the given level.</doc>
<msg timestamp="20230613 17:15:11.996" level="INFO">109-10 (35.5)</msg>
<status status="PASS" starttime="20230613 17:15:11.995" endtime="20230613 17:15:11.996"/>
</kw>
<kw name="Log To Console" library="BuiltIn">
<arg>${text}</arg>
<doc>Logs the given message to the console.</doc>
<status status="PASS" starttime="20230613 17:15:11.996" endtime="20230613 17:15:11.997"/>
</kw>
<status status="PASS" starttime="20230613 17:15:11.983" endtime="20230613 17:15:11.997"/>
</iter>
<iter>
<var name="${text}">&lt;selenium.webdriver.remote.webelement.WebElement (session="b7d76e94143117e967f6eee072305cbc", element="C3FCB982B20F7C1262E1455BEE26C1FD_element_10")&gt;</var>
<kw name="Get Text" library="SeleniumLibrary">
<var>${text}</var>
<arg>${text}</arg>
<doc>Returns the text value of the element identified by ``locator``.</doc>
<msg timestamp="20230613 17:15:12.009" level="INFO">${text} = Runs</msg>
<status status="PASS" starttime="20230613 17:15:11.997" endtime="20230613 17:15:12.010"/>
</kw>
<kw name="Log" library="BuiltIn">
<arg>${text}</arg>
<doc>Logs the given message with the given level.</doc>
<msg timestamp="20230613 17:15:12.010" level="INFO">Runs</msg>
<status status="PASS" starttime="20230613 17:15:12.010" endtime="20230613 17:15:12.010"/>
</kw>
<kw name="Log To Console" library="BuiltIn">
<arg>${text}</arg>
<doc>Logs the given message to the console.</doc>
<status status="PASS" starttime="20230613 17:15:12.010" endtime="20230613 17:15:12.011"/>
</kw>
<status status="PASS" starttime="20230613 17:15:11.997" endtime="20230613 17:15:12.011"/>
</iter>
<iter>
<var name="${text}">&lt;selenium.webdriver.remote.webelement.WebElement (session="b7d76e94143117e967f6eee072305cbc", element="C3FCB982B20F7C1262E1455BEE26C1FD_element_11")&gt;</var>
<kw name="Get Text" library="SeleniumLibrary">
<var>${text}</var>
<arg>${text}</arg>
<doc>Returns the text value of the element identified by ``locator``.</doc>
<msg timestamp="20230613 17:15:12.023" level="INFO">${text} = Balls</msg>
<status status="PASS" starttime="20230613 17:15:12.011" endtime="20230613 17:15:12.023"/>
</kw>
<kw name="Log" library="BuiltIn">
<arg>${text}</arg>
<doc>Logs the given message with the given level.</doc>
<msg timestamp="20230613 17:15:12.024" level="INFO">Balls</msg>
<status status="PASS" starttime="20230613 17:15:12.024" endtime="20230613 17:15:12.024"/>
</kw>
<kw name="Log To Console" library="BuiltIn">
<arg>${text}</arg>
<doc>Logs the given message to the console.</doc>
<status status="PASS" starttime="20230613 17:15:12.024" endtime="20230613 17:15:12.025"/>
</kw>
<status status="PASS" starttime="20230613 17:15:12.011" endtime="20230613 17:15:12.025"/>
</iter>
<iter>
<var name="${text}">&lt;selenium.webdriver.remote.webelement.WebElement (session="b7d76e94143117e967f6eee072305cbc", element="C3FCB982B20F7C1262E1455BEE26C1FD_element_12")&gt;</var>
<kw name="Get Text" library="SeleniumLibrary">
<var>${text}</var>
<arg>${text}</arg>
<doc>Returns the text value of the element identified by ``locator``.</doc>
<msg timestamp="20230613 17:15:12.062" level="INFO">${text} = 4s</msg>
<status status="PASS" starttime="20230613 17:15:12.025" endtime="20230613 17:15:12.062"/>
</kw>
<kw name="Log" library="BuiltIn">
<arg>${text}</arg>
<doc>Logs the given message with the given level.</doc>
<msg timestamp="20230613 17:15:12.063" level="INFO">4s</msg>
<status status="PASS" starttime="20230613 17:15:12.062" endtime="20230613 17:15:12.063"/>
</kw>
<kw name="Log To Console" library="BuiltIn">
<arg>${text}</arg>
<doc>Logs the given message to the console.</doc>
<status status="PASS" starttime="20230613 17:15:12.063" endtime="20230613 17:15:12.063"/>
</kw>
<status status="PASS" starttime="20230613 17:15:12.025" endtime="20230613 17:15:12.063"/>
</iter>
<iter>
<var name="${text}">&lt;selenium.webdriver.remote.webelement.WebElement (session="b7d76e94143117e967f6eee072305cbc", element="C3FCB982B20F7C1262E1455BEE26C1FD_element_13")&gt;</var>
<kw name="Get Text" library="SeleniumLibrary">
<var>${text}</var>
<arg>${text}</arg>
<doc>Returns the text value of the element identified by ``locator``.</doc>
<msg timestamp="20230613 17:15:12.085" level="INFO">${text} = 6s</msg>
<status status="PASS" starttime="20230613 17:15:12.064" endtime="20230613 17:15:12.085"/>
</kw>
<kw name="Log" library="BuiltIn">
<arg>${text}</arg>
<doc>Logs the given message with the given level.</doc>
<msg timestamp="20230613 17:15:12.085" level="INFO">6s</msg>
<status status="PASS" starttime="20230613 17:15:12.085" endtime="20230613 17:15:12.086"/>
</kw>
<kw name="Log To Console" library="BuiltIn">
<arg>${text}</arg>
<doc>Logs the given message to the console.</doc>
<status status="PASS" starttime="20230613 17:15:12.086" endtime="20230613 17:15:12.086"/>
</kw>
<status status="PASS" starttime="20230613 17:15:12.064" endtime="20230613 17:15:12.086"/>
</iter>
<iter>
<var name="${text}">&lt;selenium.webdriver.remote.webelement.WebElement (session="b7d76e94143117e967f6eee072305cbc", element="C3FCB982B20F7C1262E1455BEE26C1FD_element_14")&gt;</var>
<kw name="Get Text" library="SeleniumLibrary">
<var>${text}</var>
<arg>${text}</arg>
<doc>Returns the text value of the element identified by ``locator``.</doc>
<msg timestamp="20230613 17:15:12.123" level="INFO">${text} = SR</msg>
<status status="PASS" starttime="20230613 17:15:12.087" endtime="20230613 17:15:12.123"/>
</kw>
<kw name="Log" library="BuiltIn">
<arg>${text}</arg>
<doc>Logs the given message with the given level.</doc>
<msg timestamp="20230613 17:15:12.123" level="INFO">SR</msg>
<status status="PASS" starttime="20230613 17:15:12.123" endtime="20230613 17:15:12.124"/>
</kw>
<kw name="Log To Console" library="BuiltIn">
<arg>${text}</arg>
<doc>Logs the given message to the console.</doc>
<status status="PASS" starttime="20230613 17:15:12.124" endtime="20230613 17:15:12.125"/>
</kw>
<status status="PASS" starttime="20230613 17:15:12.086" endtime="20230613 17:15:12.125"/>
</iter>
<iter>
<var name="${text}">&lt;selenium.webdriver.remote.webelement.WebElement (session="b7d76e94143117e967f6eee072305cbc", element="C3FCB982B20F7C1262E1455BEE26C1FD_element_15")&gt;</var>
<kw name="Get Text" library="SeleniumLibrary">
<var>${text}</var>
<arg>${text}</arg>
<doc>Returns the text value of the element identified by ``locator``.</doc>
<msg timestamp="20230613 17:15:12.137" level="INFO">${text} =  </msg>
<status status="PASS" starttime="20230613 17:15:12.125" endtime="20230613 17:15:12.137"/>
</kw>
<kw name="Log" library="BuiltIn">
<arg>${text}</arg>
<doc>Logs the given message with the given level.</doc>
<msg timestamp="20230613 17:15:12.138" level="INFO"> </msg>
<status status="PASS" starttime="20230613 17:15:12.138" endtime="20230613 17:15:12.138"/>
</kw>
<kw name="Log To Console" library="BuiltIn">
<arg>${text}</arg>
<doc>Logs the given message to the console.</doc>
<status status="PASS" starttime="20230613 17:15:12.139" endtime="20230613 17:15:12.139"/>
</kw>
<status status="PASS" starttime="20230613 17:15:12.125" endtime="20230613 17:15:12.139"/>
</iter>
<iter>
<var name="${text}">&lt;selenium.webdriver.remote.webelement.WebElement (session="b7d76e94143117e967f6eee072305cbc", element="C3FCB982B20F7C1262E1455BEE26C1FD_element_81")&gt;</var>
<kw name="Get Text" library="SeleniumLibrary">
<var>${text}</var>
<arg>${text}</arg>
<doc>Returns the text value of the element identified by ``locator``.</doc>
<msg timestamp="20230613 17:15:12.166" level="INFO">${text} = Kusal Mendis</msg>
<status status="PASS" starttime="20230613 17:15:12.140" endtime="20230613 17:15:12.166"/>
</kw>
<kw name="Log" library="BuiltIn">
<arg>${text}</arg>
<doc>Logs the given message with the given level.</doc>
<msg timestamp="20230613 17:15:12.167" level="INFO">Kusal Mendis</msg>
<status status="PASS" starttime="20230613 17:15:12.166" endtime="20230613 17:15:12.167"/>
</kw>
<kw name="Log To Console" library="BuiltIn">
<arg>${text}</arg>
<doc>Logs the given message to the console.</doc>
<status status="PASS" starttime="20230613 17:15:12.167" endtime="20230613 17:15:12.167"/>
</kw>
<status status="PASS" starttime="20230613 17:15:12.139" endtime="20230613 17:15:12.168"/>
</iter>
<iter>
<var name="${text}">&lt;selenium.webdriver.remote.webelement.WebElement (session="b7d76e94143117e967f6eee072305cbc", element="C3FCB982B20F7C1262E1455BEE26C1FD_element_82")&gt;</var>
<kw name="Get Text" library="SeleniumLibrary">
<var>${text}</var>
<arg>${text}</arg>
<doc>Returns the text value of the element identified by ``locator``.</doc>
<msg timestamp="20230613 17:15:12.179" level="INFO">${text} = c Iyer b Bumrah</msg>
<status status="PASS" starttime="20230613 17:15:12.168" endtime="20230613 17:15:12.179"/>
</kw>
<kw name="Log" library="BuiltIn">
<arg>${text}</arg>
<doc>Logs the given message with the given level.</doc>
<msg timestamp="20230613 17:15:12.180" level="INFO">c Iyer b Bumrah</msg>
<status status="PASS" starttime="20230613 17:15:12.180" endtime="20230613 17:15:12.180"/>
</kw>
<kw name="Log To Console" library="BuiltIn">
<arg>${text}</arg>
<doc>Logs the given message to the console.</doc>
<status status="PASS" starttime="20230613 17:15:12.181" endtime="20230613 17:15:12.181"/>
</kw>
<status status="PASS" starttime="20230613 17:15:12.168" endtime="20230613 17:15:12.181"/>
</iter>
<iter>
<var name="${text}">&lt;selenium.webdriver.remote.webelement.WebElement (session="b7d76e94143117e967f6eee072305cbc", element="C3FCB982B20F7C1262E1455BEE26C1FD_element_83")&gt;</var>
<kw name="Get Text" library="SeleniumLibrary">
<var>${text}</var>
<arg>${text}</arg>
<doc>Returns the text value of the element identified by ``locator``.</doc>
<msg timestamp="20230613 17:15:12.197" level="INFO">${text} = 2</msg>
<status status="PASS" starttime="20230613 17:15:12.182" endtime="20230613 17:15:12.197"/>
</kw>
<kw name="Log" library="BuiltIn">
<arg>${text}</arg>
<doc>Logs the given message with the given level.</doc>
<msg timestamp="20230613 17:15:12.197" level="INFO">2</msg>
<status status="PASS" starttime="20230613 17:15:12.197" endtime="20230613 17:15:12.198"/>
</kw>
<kw name="Log To Console" library="BuiltIn">
<arg>${text}</arg>
<doc>Logs the given message to the console.</doc>
<status status="PASS" starttime="20230613 17:15:12.198" endtime="20230613 17:15:12.198"/>
</kw>
<status status="PASS" starttime="20230613 17:15:12.181" endtime="20230613 17:15:12.198"/>
</iter>
<iter>
<var name="${text}">&lt;selenium.webdriver.remote.webelement.WebElement (session="b7d76e94143117e967f6eee072305cbc", element="C3FCB982B20F7C1262E1455BEE26C1FD_element_84")&gt;</var>
<kw name="Get Text" library="SeleniumLibrary">
<var>${text}</var>
<arg>${text}</arg>
<doc>Returns the text value of the element identified by ``locator``.</doc>
<msg timestamp="20230613 17:15:12.210" level="INFO">${text} = 7</msg>
<status status="PASS" starttime="20230613 17:15:12.199" endtime="20230613 17:15:12.211"/>
</kw>
<kw name="Log" library="BuiltIn">
<arg>${text}</arg>
<doc>Logs the given message with the given level.</doc>
<msg timestamp="20230613 17:15:12.211" level="INFO">7</msg>
<status status="PASS" starttime="20230613 17:15:12.211" endtime="20230613 17:15:12.211"/>
</kw>
<kw name="Log To Console" library="BuiltIn">
<arg>${text}</arg>
<doc>Logs the given message to the console.</doc>
<status status="PASS" starttime="20230613 17:15:12.211" endtime="20230613 17:15:12.212"/>
</kw>
<status status="PASS" starttime="20230613 17:15:12.198" endtime="20230613 17:15:12.212"/>
</iter>
<iter>
<var name="${text}">&lt;selenium.webdriver.remote.webelement.WebElement (session="b7d76e94143117e967f6eee072305cbc", element="C3FCB982B20F7C1262E1455BEE26C1FD_element_85")&gt;</var>
<kw name="Get Text" library="SeleniumLibrary">
<var>${text}</var>
<arg>${text}</arg>
<doc>Returns the text value of the element identified by ``locator``.</doc>
<msg timestamp="20230613 17:15:12.222" level="INFO">${text} = 0</msg>
<status status="PASS" starttime="20230613 17:15:12.212" endtime="20230613 17:15:12.222"/>
</kw>
<kw name="Log" library="BuiltIn">
<arg>${text}</arg>
<doc>Logs the given message with the given level.</doc>
<msg timestamp="20230613 17:15:12.223" level="INFO">0</msg>
<status status="PASS" starttime="20230613 17:15:12.223" endtime="20230613 17:15:12.223"/>
</kw>
<kw name="Log To Console" library="BuiltIn">
<arg>${text}</arg>
<doc>Logs the given message to the console.</doc>
<status status="PASS" starttime="20230613 17:15:12.223" endtime="20230613 17:15:12.224"/>
</kw>
<status status="PASS" starttime="20230613 17:15:12.212" endtime="20230613 17:15:12.224"/>
</iter>
<iter>
<var name="${text}">&lt;selenium.webdriver.remote.webelement.WebElement (session="b7d76e94143117e967f6eee072305cbc", element="C3FCB982B20F7C1262E1455BEE26C1FD_element_86")&gt;</var>
<kw name="Get Text" library="SeleniumLibrary">
<var>${text}</var>
<arg>${text}</arg>
<doc>Returns the text value of the element identified by ``locator``.</doc>
<msg timestamp="20230613 17:15:12.235" level="INFO">${text} = 0</msg>
<status status="PASS" starttime="20230613 17:15:12.224" endtime="20230613 17:15:12.235"/>
</kw>
<kw name="Log" library="BuiltIn">
<arg>${text}</arg>
<doc>Logs the given message with the given level.</doc>
<msg timestamp="20230613 17:15:12.235" level="INFO">0</msg>
<status status="PASS" starttime="20230613 17:15:12.235" endtime="20230613 17:15:12.235"/>
</kw>
<kw name="Log To Console" library="BuiltIn">
<arg>${text}</arg>
<doc>Logs the given message to the console.</doc>
<status status="PASS" starttime="20230613 17:15:12.236" endtime="20230613 17:15:12.236"/>
</kw>
<status status="PASS" starttime="20230613 17:15:12.224" endtime="20230613 17:15:12.236"/>
</iter>
<iter>
<var name="${text}">&lt;selenium.webdriver.remote.webelement.WebElement (session="b7d76e94143117e967f6eee072305cbc", element="C3FCB982B20F7C1262E1455BEE26C1FD_element_87")&gt;</var>
<kw name="Get Text" library="SeleniumLibrary">
<var>${text}</var>
<arg>${text}</arg>
<doc>Returns the text value of the element identified by ``locator``.</doc>
<msg timestamp="20230613 17:15:12.246" level="INFO">${text} = 28.57</msg>
<status status="PASS" starttime="20230613 17:15:12.237" endtime="20230613 17:15:12.246"/>
</kw>
<kw name="Log" library="BuiltIn">
<arg>${text}</arg>
<doc>Logs the given message with the given level.</doc>
<msg timestamp="20230613 17:15:12.246" level="INFO">28.57</msg>
<status status="PASS" starttime="20230613 17:15:12.246" endtime="20230613 17:15:12.246"/>
</kw>
<kw name="Log To Console" library="BuiltIn">
<arg>${text}</arg>
<doc>Logs the given message to the console.</doc>
<status status="PASS" starttime="20230613 17:15:12.246" endtime="20230613 17:15:12.247"/>
</kw>
<status status="PASS" starttime="20230613 17:15:12.236" endtime="20230613 17:15:12.247"/>
</iter>
<iter>
<var name="${text}">&lt;selenium.webdriver.remote.webelement.WebElement (session="b7d76e94143117e967f6eee072305cbc", element="C3FCB982B20F7C1262E1455BEE26C1FD_element_88")&gt;</var>
<kw name="Get Text" library="SeleniumLibrary">
<var>${text}</var>
<arg>${text}</arg>
<doc>Returns the text value of the element identified by ``locator``.</doc>
<msg timestamp="20230613 17:15:12.284" level="INFO">${text} = </msg>
<status status="PASS" starttime="20230613 17:15:12.247" endtime="20230613 17:15:12.284"/>
</kw>
<kw name="Log" library="BuiltIn">
<arg>${text}</arg>
<doc>Logs the given message with the given level.</doc>
<msg timestamp="20230613 17:15:12.285" level="INFO"/>
<status status="PASS" starttime="20230613 17:15:12.284" endtime="20230613 17:15:12.285"/>
</kw>
<kw name="Log To Console" library="BuiltIn">
<arg>${text}</arg>
<doc>Logs the given message to the console.</doc>
<status status="PASS" starttime="20230613 17:15:12.285" endtime="20230613 17:15:12.285"/>
</kw>
<status status="PASS" starttime="20230613 17:15:12.247" endtime="20230613 17:15:12.285"/>
</iter>
<iter>
<var name="${text}">&lt;selenium.webdriver.remote.webelement.WebElement (session="b7d76e94143117e967f6eee072305cbc", element="C3FCB982B20F7C1262E1455BEE26C1FD_element_89")&gt;</var>
<kw name="Get Text" library="SeleniumLibrary">
<var>${text}</var>
<arg>${text}</arg>
<doc>Returns the text value of the element identified by ``locator``.</doc>
<msg timestamp="20230613 17:15:12.307" level="INFO">${text} = *Dimuth Karunaratne</msg>
<status status="PASS" starttime="20230613 17:15:12.286" endtime="20230613 17:15:12.307"/>
</kw>
<kw name="Log" library="BuiltIn">
<arg>${text}</arg>
<doc>Logs the given message with the given level.</doc>
<msg timestamp="20230613 17:15:12.308" level="INFO">*Dimuth Karunaratne</msg>
<status status="PASS" starttime="20230613 17:15:12.307" endtime="20230613 17:15:12.308"/>
</kw>
<kw name="Log To Console" library="BuiltIn">
<arg>${text}</arg>
<doc>Logs the given message to the console.</doc>
<status status="PASS" starttime="20230613 17:15:12.308" endtime="20230613 17:15:12.308"/>
</kw>
<status status="PASS" starttime="20230613 17:15:12.286" endtime="20230613 17:15:12.308"/>
</iter>
<iter>
<var name="${text}">&lt;selenium.webdriver.remote.webelement.WebElement (session="b7d76e94143117e967f6eee072305cbc", element="C3FCB982B20F7C1262E1455BEE26C1FD_element_90")&gt;</var>
<kw name="Get Text" library="SeleniumLibrary">
<var>${text}</var>
<arg>${text}</arg>
<doc>Returns the text value of the element identified by ``locator``.</doc>
<msg timestamp="20230613 17:15:12.321" level="INFO">${text} = b Shami</msg>
<status status="PASS" starttime="20230613 17:15:12.309" endtime="20230613 17:15:12.321"/>
</kw>
<kw name="Log" library="BuiltIn">
<arg>${text}</arg>
<doc>Logs the given message with the given level.</doc>
<msg timestamp="20230613 17:15:12.322" level="INFO">b Shami</msg>
<status status="PASS" starttime="20230613 17:15:12.321" endtime="20230613 17:15:12.322"/>
</kw>
<kw name="Log To Console" library="BuiltIn">
<arg>${text}</arg>
<doc>Logs the given message to the console.</doc>
<status status="PASS" starttime="20230613 17:15:12.322" endtime="20230613 17:15:12.322"/>
</kw>
<status status="PASS" starttime="20230613 17:15:12.308" endtime="20230613 17:15:12.322"/>
</iter>
<iter>
<var name="${text}">&lt;selenium.webdriver.remote.webelement.WebElement (session="b7d76e94143117e967f6eee072305cbc", element="C3FCB982B20F7C1262E1455BEE26C1FD_element_91")&gt;</var>
<kw name="Get Text" library="SeleniumLibrary">
<var>${text}</var>
<arg>${text}</arg>
<doc>Returns the text value of the element identified by ``locator``.</doc>
<msg timestamp="20230613 17:15:12.335" level="INFO">${text} = 4</msg>
<status status="PASS" starttime="20230613 17:15:12.323" endtime="20230613 17:15:12.335"/>
</kw>
<kw name="Log" library="BuiltIn">
<arg>${text}</arg>
<doc>Logs the given message with the given level.</doc>
<msg timestamp="20230613 17:15:12.335" level="INFO">4</msg>
<status status="PASS" starttime="20230613 17:15:12.335" endtime="20230613 17:15:12.335"/>
</kw>
<kw name="Log To Console" library="BuiltIn">
<arg>${text}</arg>
<doc>Logs the given message to the console.</doc>
<status status="PASS" starttime="20230613 17:15:12.335" endtime="20230613 17:15:12.336"/>
</kw>
<status status="PASS" starttime="20230613 17:15:12.322" endtime="20230613 17:15:12.336"/>
</iter>
<iter>
<var name="${text}">&lt;selenium.webdriver.remote.webelement.WebElement (session="b7d76e94143117e967f6eee072305cbc", element="C3FCB982B20F7C1262E1455BEE26C1FD_element_92")&gt;</var>
<kw name="Get Text" library="SeleniumLibrary">
<var>${text}</var>
<arg>${text}</arg>
<doc>Returns the text value of the element identified by ``locator``.</doc>
<msg timestamp="20230613 17:15:12.347" level="INFO">${text} = 13</msg>
<status status="PASS" starttime="20230613 17:15:12.336" endtime="20230613 17:15:12.347"/>
</kw>
<kw name="Log" library="BuiltIn">
<arg>${text}</arg>
<doc>Logs the given message with the given level.</doc>
<msg timestamp="20230613 17:15:12.347" level="INFO">13</msg>
<status status="PASS" starttime="20230613 17:15:12.347" endtime="20230613 17:15:12.347"/>
</kw>
<kw name="Log To Console" library="BuiltIn">
<arg>${text}</arg>
<doc>Logs the given message to the console.</doc>
<status status="PASS" starttime="20230613 17:15:12.348" endtime="20230613 17:15:12.348"/>
</kw>
<status status="PASS" starttime="20230613 17:15:12.336" endtime="20230613 17:15:12.348"/>
</iter>
<iter>
<var name="${text}">&lt;selenium.webdriver.remote.webelement.WebElement (session="b7d76e94143117e967f6eee072305cbc", element="C3FCB982B20F7C1262E1455BEE26C1FD_element_93")&gt;</var>
<kw name="Get Text" library="SeleniumLibrary">
<var>${text}</var>
<arg>${text}</arg>
<doc>Returns the text value of the element identified by ``locator``.</doc>
<msg timestamp="20230613 17:15:12.359" level="INFO">${text} = 1</msg>
<status status="PASS" starttime="20230613 17:15:12.349" endtime="20230613 17:15:12.360"/>
</kw>
<kw name="Log" library="BuiltIn">
<arg>${text}</arg>
<doc>Logs the given message with the given level.</doc>
<msg timestamp="20230613 17:15:12.361" level="INFO">1</msg>
<status status="PASS" starttime="20230613 17:15:12.360" endtime="20230613 17:15:12.361"/>
</kw>
<kw name="Log To Console" library="BuiltIn">
<arg>${text}</arg>
<doc>Logs the given message to the console.</doc>
<status status="PASS" starttime="20230613 17:15:12.361" endtime="20230613 17:15:12.362"/>
</kw>
<status status="PASS" starttime="20230613 17:15:12.348" endtime="20230613 17:15:12.362"/>
</iter>
<iter>
<var name="${text}">&lt;selenium.webdriver.remote.webelement.WebElement (session="b7d76e94143117e967f6eee072305cbc", element="C3FCB982B20F7C1262E1455BEE26C1FD_element_94")&gt;</var>
<kw name="Get Text" library="SeleniumLibrary">
<var>${text}</var>
<arg>${text}</arg>
<doc>Returns the text value of the element identified by ``locator``.</doc>
<msg timestamp="20230613 17:15:12.372" level="INFO">${text} = 0</msg>
<status status="PASS" starttime="20230613 17:15:12.362" endtime="20230613 17:15:12.372"/>
</kw>
<kw name="Log" library="BuiltIn">
<arg>${text}</arg>
<doc>Logs the given message with the given level.</doc>
<msg timestamp="20230613 17:15:12.372" level="INFO">0</msg>
<status status="PASS" starttime="20230613 17:15:12.372" endtime="20230613 17:15:12.372"/>
</kw>
<kw name="Log To Console" library="BuiltIn">
<arg>${text}</arg>
<doc>Logs the given message to the console.</doc>
<status status="PASS" starttime="20230613 17:15:12.372" endtime="20230613 17:15:12.373"/>
</kw>
<status status="PASS" starttime="20230613 17:15:12.362" endtime="20230613 17:15:12.373"/>
</iter>
<iter>
<var name="${text}">&lt;selenium.webdriver.remote.webelement.WebElement (session="b7d76e94143117e967f6eee072305cbc", element="C3FCB982B20F7C1262E1455BEE26C1FD_element_95")&gt;</var>
<kw name="Get Text" library="SeleniumLibrary">
<var>${text}</var>
<arg>${text}</arg>
<doc>Returns the text value of the element identified by ``locator``.</doc>
<msg timestamp="20230613 17:15:12.383" level="INFO">${text} = 30.77</msg>
<status status="PASS" starttime="20230613 17:15:12.373" endtime="20230613 17:15:12.383"/>
</kw>
<kw name="Log" library="BuiltIn">
<arg>${text}</arg>
<doc>Logs the given message with the given level.</doc>
<msg timestamp="20230613 17:15:12.384" level="INFO">30.77</msg>
<status status="PASS" starttime="20230613 17:15:12.384" endtime="20230613 17:15:12.384"/>
</kw>
<kw name="Log To Console" library="BuiltIn">
<arg>${text}</arg>
<doc>Logs the given message to the console.</doc>
<status status="PASS" starttime="20230613 17:15:12.384" endtime="20230613 17:15:12.384"/>
</kw>
<status status="PASS" starttime="20230613 17:15:12.373" endtime="20230613 17:15:12.385"/>
</iter>
<iter>
<var name="${text}">&lt;selenium.webdriver.remote.webelement.WebElement (session="b7d76e94143117e967f6eee072305cbc", element="C3FCB982B20F7C1262E1455BEE26C1FD_element_96")&gt;</var>
<kw name="Get Text" library="SeleniumLibrary">
<var>${text}</var>
<arg>${text}</arg>
<doc>Returns the text value of the element identified by ``locator``.</doc>
<msg timestamp="20230613 17:15:12.394" level="INFO">${text} = </msg>
<status status="PASS" starttime="20230613 17:15:12.385" endtime="20230613 17:15:12.395"/>
</kw>
<kw name="Log" library="BuiltIn">
<arg>${text}</arg>
<doc>Logs the given message with the given level.</doc>
<msg timestamp="20230613 17:15:12.395" level="INFO"/>
<status status="PASS" starttime="20230613 17:15:12.395" endtime="20230613 17:15:12.395"/>
</kw>
<kw name="Log To Console" library="BuiltIn">
<arg>${text}</arg>
<doc>Logs the given message to the console.</doc>
<status status="PASS" starttime="20230613 17:15:12.395" endtime="20230613 17:15:12.396"/>
</kw>
<status status="PASS" starttime="20230613 17:15:12.385" endtime="20230613 17:15:12.396"/>
</iter>
<iter>
<var name="${text}">&lt;selenium.webdriver.remote.webelement.WebElement (session="b7d76e94143117e967f6eee072305cbc", element="C3FCB982B20F7C1262E1455BEE26C1FD_element_97")&gt;</var>
<kw name="Get Text" library="SeleniumLibrary">
<var>${text}</var>
<arg>${text}</arg>
<doc>Returns the text value of the element identified by ``locator``.</doc>
<msg timestamp="20230613 17:15:12.406" level="INFO">${text} = Lahiru Thirimanne</msg>
<status status="PASS" starttime="20230613 17:15:12.396" endtime="20230613 17:15:12.406"/>
</kw>
<kw name="Log" library="BuiltIn">
<arg>${text}</arg>
<doc>Logs the given message with the given level.</doc>
<msg timestamp="20230613 17:15:12.406" level="INFO">Lahiru Thirimanne</msg>
<status status="PASS" starttime="20230613 17:15:12.406" endtime="20230613 17:15:12.406"/>
</kw>
<kw name="Log To Console" library="BuiltIn">
<arg>${text}</arg>
<doc>Logs the given message to the console.</doc>
<status status="PASS" starttime="20230613 17:15:12.406" endtime="20230613 17:15:12.407"/>
</kw>
<status status="PASS" starttime="20230613 17:15:12.396" endtime="20230613 17:15:12.407"/>
</iter>
<iter>
<var name="${text}">&lt;selenium.webdriver.remote.webelement.WebElement (session="b7d76e94143117e967f6eee072305cbc", element="C3FCB982B20F7C1262E1455BEE26C1FD_element_98")&gt;</var>
<kw name="Get Text" library="SeleniumLibrary">
<var>${text}</var>
<arg>${text}</arg>
<doc>Returns the text value of the element identified by ``locator``.</doc>
<msg timestamp="20230613 17:15:12.449" level="INFO">${text} = c Iyer b Bumrah</msg>
<status status="PASS" starttime="20230613 17:15:12.407" endtime="20230613 17:15:12.449"/>
</kw>
<kw name="Log" library="BuiltIn">
<arg>${text}</arg>
<doc>Logs the given message with the given level.</doc>
<msg timestamp="20230613 17:15:12.450" level="INFO">c Iyer b Bumrah</msg>
<status status="PASS" starttime="20230613 17:15:12.449" endtime="20230613 17:15:12.450"/>
</kw>
<kw name="Log To Console" library="BuiltIn">
<arg>${text}</arg>
<doc>Logs the given message to the console.</doc>
<status status="PASS" starttime="20230613 17:15:12.450" endtime="20230613 17:15:12.451"/>
</kw>
<status status="PASS" starttime="20230613 17:15:12.407" endtime="20230613 17:15:12.451"/>
</iter>
<iter>
<var name="${text}">&lt;selenium.webdriver.remote.webelement.WebElement (session="b7d76e94143117e967f6eee072305cbc", element="C3FCB982B20F7C1262E1455BEE26C1FD_element_99")&gt;</var>
<kw name="Get Text" library="SeleniumLibrary">
<var>${text}</var>
<arg>${text}</arg>
<doc>Returns the text value of the element identified by ``locator``.</doc>
<msg timestamp="20230613 17:15:12.460" level="INFO">${text} = 8</msg>
<status status="PASS" starttime="20230613 17:15:12.451" endtime="20230613 17:15:12.460"/>
</kw>
<kw name="Log" library="BuiltIn">
<arg>${text}</arg>
<doc>Logs the given message with the given level.</doc>
<msg timestamp="20230613 17:15:12.461" level="INFO">8</msg>
<status status="PASS" starttime="20230613 17:15:12.461" endtime="20230613 17:15:12.461"/>
</kw>
<kw name="Log To Console" library="BuiltIn">
<arg>${text}</arg>
<doc>Logs the given message to the console.</doc>
<status status="PASS" starttime="20230613 17:15:12.461" endtime="20230613 17:15:12.461"/>
</kw>
<status status="PASS" starttime="20230613 17:15:12.451" endtime="20230613 17:15:12.461"/>
</iter>
<iter>
<var name="${text}">&lt;selenium.webdriver.remote.webelement.WebElement (session="b7d76e94143117e967f6eee072305cbc", element="C3FCB982B20F7C1262E1455BEE26C1FD_element_100")&gt;</var>
<kw name="Get Text" library="SeleniumLibrary">
<var>${text}</var>
<arg>${text}</arg>
<doc>Returns the text value of the element identified by ``locator``.</doc>
<msg timestamp="20230613 17:15:12.473" level="INFO">${text} = 6</msg>
<status status="PASS" starttime="20230613 17:15:12.462" endtime="20230613 17:15:12.473"/>
</kw>
<kw name="Log" library="BuiltIn">
<arg>${text}</arg>
<doc>Logs the given message with the given level.</doc>
<msg timestamp="20230613 17:15:12.473" level="INFO">6</msg>
<status status="PASS" starttime="20230613 17:15:12.473" endtime="20230613 17:15:12.473"/>
</kw>
<kw name="Log To Console" library="BuiltIn">
<arg>${text}</arg>
<doc>Logs the given message to the console.</doc>
<status status="PASS" starttime="20230613 17:15:12.473" endtime="20230613 17:15:12.474"/>
</kw>
<status status="PASS" starttime="20230613 17:15:12.462" endtime="20230613 17:15:12.474"/>
</iter>
<iter>
<var name="${text}">&lt;selenium.webdriver.remote.webelement.WebElement (session="b7d76e94143117e967f6eee072305cbc", element="C3FCB982B20F7C1262E1455BEE26C1FD_element_101")&gt;</var>
<kw name="Get Text" library="SeleniumLibrary">
<var>${text}</var>
<arg>${text}</arg>
<doc>Returns the text value of the element identified by ``locator``.</doc>
<msg timestamp="20230613 17:15:12.483" level="INFO">${text} = 2</msg>
<status status="PASS" starttime="20230613 17:15:12.474" endtime="20230613 17:15:12.483"/>
</kw>
<kw name="Log" library="BuiltIn">
<arg>${text}</arg>
<doc>Logs the given message with the given level.</doc>
<msg timestamp="20230613 17:15:12.483" level="INFO">2</msg>
<status status="PASS" starttime="20230613 17:15:12.483" endtime="20230613 17:15:12.484"/>
</kw>
<kw name="Log To Console" library="BuiltIn">
<arg>${text}</arg>
<doc>Logs the given message to the console.</doc>
<status status="PASS" starttime="20230613 17:15:12.484" endtime="20230613 17:15:12.484"/>
</kw>
<status status="PASS" starttime="20230613 17:15:12.474" endtime="20230613 17:15:12.485"/>
</iter>
<iter>
<var name="${text}">&lt;selenium.webdriver.remote.webelement.WebElement (session="b7d76e94143117e967f6eee072305cbc", element="C3FCB982B20F7C1262E1455BEE26C1FD_element_102")&gt;</var>
<kw name="Get Text" library="SeleniumLibrary">
<var>${text}</var>
<arg>${text}</arg>
<doc>Returns the text value of the element identified by ``locator``.</doc>
<msg timestamp="20230613 17:15:12.494" level="INFO">${text} = 0</msg>
<status status="PASS" starttime="20230613 17:15:12.485" endtime="20230613 17:15:12.494"/>
</kw>
<kw name="Log" library="BuiltIn">
<arg>${text}</arg>
<doc>Logs the given message with the given level.</doc>
<msg timestamp="20230613 17:15:12.494" level="INFO">0</msg>
<status status="PASS" starttime="20230613 17:15:12.494" endtime="20230613 17:15:12.495"/>
</kw>
<kw name="Log To Console" library="BuiltIn">
<arg>${text}</arg>
<doc>Logs the given message to the console.</doc>
<status status="PASS" starttime="20230613 17:15:12.495" endtime="20230613 17:15:12.495"/>
</kw>
<status status="PASS" starttime="20230613 17:15:12.485" endtime="20230613 17:15:12.495"/>
</iter>
<iter>
<var name="${text}">&lt;selenium.webdriver.remote.webelement.WebElement (session="b7d76e94143117e967f6eee072305cbc", element="C3FCB982B20F7C1262E1455BEE26C1FD_element_103")&gt;</var>
<kw name="Get Text" library="SeleniumLibrary">
<var>${text}</var>
<arg>${text}</arg>
<doc>Returns the text value of the element identified by ``locator``.</doc>
<msg timestamp="20230613 17:15:12.504" level="INFO">${text} = 133.33</msg>
<status status="PASS" starttime="20230613 17:15:12.495" endtime="20230613 17:15:12.504"/>
</kw>
<kw name="Log" library="BuiltIn">
<arg>${text}</arg>
<doc>Logs the given message with the given level.</doc>
<msg timestamp="20230613 17:15:12.505" level="INFO">133.33</msg>
<status status="PASS" starttime="20230613 17:15:12.505" endtime="20230613 17:15:12.505"/>
</kw>
<kw name="Log To Console" library="BuiltIn">
<arg>${text}</arg>
<doc>Logs the given message to the console.</doc>
<status status="PASS" starttime="20230613 17:15:12.505" endtime="20230613 17:15:12.506"/>
</kw>
<status status="PASS" starttime="20230613 17:15:12.495" endtime="20230613 17:15:12.506"/>
</iter>
<iter>
<var name="${text}">&lt;selenium.webdriver.remote.webelement.WebElement (session="b7d76e94143117e967f6eee072305cbc", element="C3FCB982B20F7C1262E1455BEE26C1FD_element_104")&gt;</var>
<kw name="Get Text" library="SeleniumLibrary">
<var>${text}</var>
<arg>${text}</arg>
<doc>Returns the text value of the element identified by ``locator``.</doc>
<msg timestamp="20230613 17:15:12.517" level="INFO">${text} = </msg>
<status status="PASS" starttime="20230613 17:15:12.506" endtime="20230613 17:15:12.517"/>
</kw>
<kw name="Log" library="BuiltIn">
<arg>${text}</arg>
<doc>Logs the given message with the given level.</doc>
<msg timestamp="20230613 17:15:12.517" level="INFO"/>
<status status="PASS" starttime="20230613 17:15:12.517" endtime="20230613 17:15:12.517"/>
</kw>
<kw name="Log To Console" library="BuiltIn">
<arg>${text}</arg>
<doc>Logs the given message to the console.</doc>
<status status="PASS" starttime="20230613 17:15:12.517" endtime="20230613 17:15:12.518"/>
</kw>
<status status="PASS" starttime="20230613 17:15:12.506" endtime="20230613 17:15:12.518"/>
</iter>
<iter>
<var name="${text}">&lt;selenium.webdriver.remote.webelement.WebElement (session="b7d76e94143117e967f6eee072305cbc", element="C3FCB982B20F7C1262E1455BEE26C1FD_element_105")&gt;</var>
<kw name="Get Text" library="SeleniumLibrary">
<var>${text}</var>
<arg>${text}</arg>
<doc>Returns the text value of the element identified by ``locator``.</doc>
<msg timestamp="20230613 17:15:12.528" level="INFO">${text} = Angelo Mathews</msg>
<status status="PASS" starttime="20230613 17:15:12.518" endtime="20230613 17:15:12.528"/>
</kw>
<kw name="Log" library="BuiltIn">
<arg>${text}</arg>
<doc>Logs the given message with the given level.</doc>
<msg timestamp="20230613 17:15:12.529" level="INFO">Angelo Mathews</msg>
<status status="PASS" starttime="20230613 17:15:12.529" endtime="20230613 17:15:12.529"/>
</kw>
<kw name="Log To Console" library="BuiltIn">
<arg>${text}</arg>
<doc>Logs the given message to the console.</doc>
<status status="PASS" starttime="20230613 17:15:12.529" endtime="20230613 17:15:12.530"/>
</kw>
<status status="PASS" starttime="20230613 17:15:12.518" endtime="20230613 17:15:12.530"/>
</iter>
<iter>
<var name="${text}">&lt;selenium.webdriver.remote.webelement.WebElement (session="b7d76e94143117e967f6eee072305cbc", element="C3FCB982B20F7C1262E1455BEE26C1FD_element_106")&gt;</var>
<kw name="Get Text" library="SeleniumLibrary">
<var>${text}</var>
<arg>${text}</arg>
<doc>Returns the text value of the element identified by ``locator``.</doc>
<msg timestamp="20230613 17:15:12.539" level="INFO">${text} = c Sharma b Bumrah</msg>
<status status="PASS" starttime="20230613 17:15:12.530" endtime="20230613 17:15:12.539"/>
</kw>
<kw name="Log" library="BuiltIn">
<arg>${text}</arg>
<doc>Logs the given message with the given level.</doc>
<msg timestamp="20230613 17:15:12.540" level="INFO">c Sharma b Bumrah</msg>
<status status="PASS" starttime="20230613 17:15:12.539" endtime="20230613 17:15:12.540"/>
</kw>
<kw name="Log To Console" library="BuiltIn">
<arg>${text}</arg>
<doc>Logs the given message to the console.</doc>
<status status="PASS" starttime="20230613 17:15:12.540" endtime="20230613 17:15:12.541"/>
</kw>
<status status="PASS" starttime="20230613 17:15:12.530" endtime="20230613 17:15:12.541"/>
</iter>
<iter>
<var name="${text}">&lt;selenium.webdriver.remote.webelement.WebElement (session="b7d76e94143117e967f6eee072305cbc", element="C3FCB982B20F7C1262E1455BEE26C1FD_element_107")&gt;</var>
<kw name="Get Text" library="SeleniumLibrary">
<var>${text}</var>
<arg>${text}</arg>
<doc>Returns the text value of the element identified by ``locator``.</doc>
<msg timestamp="20230613 17:15:12.574" level="INFO">${text} = 43</msg>
<status status="PASS" starttime="20230613 17:15:12.541" endtime="20230613 17:15:12.574"/>
</kw>
<kw name="Log" library="BuiltIn">
<arg>${text}</arg>
<doc>Logs the given message with the given level.</doc>
<msg timestamp="20230613 17:15:12.575" level="INFO">43</msg>
<status status="PASS" starttime="20230613 17:15:12.574" endtime="20230613 17:15:12.575"/>
</kw>
<kw name="Log To Console" library="BuiltIn">
<arg>${text}</arg>
<doc>Logs the given message to the console.</doc>
<status status="PASS" starttime="20230613 17:15:12.575" endtime="20230613 17:15:12.576"/>
</kw>
<status status="PASS" starttime="20230613 17:15:12.541" endtime="20230613 17:15:12.576"/>
</iter>
<iter>
<var name="${text}">&lt;selenium.webdriver.remote.webelement.WebElement (session="b7d76e94143117e967f6eee072305cbc", element="C3FCB982B20F7C1262E1455BEE26C1FD_element_108")&gt;</var>
<kw name="Get Text" library="SeleniumLibrary">
<var>${text}</var>
<arg>${text}</arg>
<doc>Returns the text value of the element identified by ``locator``.</doc>
<msg timestamp="20230613 17:15:12.590" level="INFO">${text} = 85</msg>
<status status="PASS" starttime="20230613 17:15:12.576" endtime="20230613 17:15:12.590"/>
</kw>
<kw name="Log" library="BuiltIn">
<arg>${text}</arg>
<doc>Logs the given message with the given level.</doc>
<msg timestamp="20230613 17:15:12.591" level="INFO">85</msg>
<status status="PASS" starttime="20230613 17:15:12.590" endtime="20230613 17:15:12.591"/>
</kw>
<kw name="Log To Console" library="BuiltIn">
<arg>${text}</arg>
<doc>Logs the given message to the console.</doc>
<status status="PASS" starttime="20230613 17:15:12.591" endtime="20230613 17:15:12.591"/>
</kw>
<status status="PASS" starttime="20230613 17:15:12.576" endtime="20230613 17:15:12.591"/>
</iter>
<iter>
<var name="${text}">&lt;selenium.webdriver.remote.webelement.WebElement (session="b7d76e94143117e967f6eee072305cbc", element="C3FCB982B20F7C1262E1455BEE26C1FD_element_109")&gt;</var>
<kw name="Get Text" library="SeleniumLibrary">
<var>${text}</var>
<arg>${text}</arg>
<doc>Returns the text value of the element identified by ``locator``.</doc>
<msg timestamp="20230613 17:15:12.602" level="INFO">${text} = 3</msg>
<status status="PASS" starttime="20230613 17:15:12.592" endtime="20230613 17:15:12.602"/>
</kw>
<kw name="Log" library="BuiltIn">
<arg>${text}</arg>
<doc>Logs the given message with the given level.</doc>
<msg timestamp="20230613 17:15:12.602" level="INFO">3</msg>
<status status="PASS" starttime="20230613 17:15:12.602" endtime="20230613 17:15:12.603"/>
</kw>
<kw name="Log To Console" library="BuiltIn">
<arg>${text}</arg>
<doc>Logs the given message to the console.</doc>
<status status="PASS" starttime="20230613 17:15:12.603" endtime="20230613 17:15:12.603"/>
</kw>
<status status="PASS" starttime="20230613 17:15:12.592" endtime="20230613 17:15:12.603"/>
</iter>
<iter>
<var name="${text}">&lt;selenium.webdriver.remote.webelement.WebElement (session="b7d76e94143117e967f6eee072305cbc", element="C3FCB982B20F7C1262E1455BEE26C1FD_element_110")&gt;</var>
<kw name="Get Text" library="SeleniumLibrary">
<var>${text}</var>
<arg>${text}</arg>
<doc>Returns the text value of the element identified by ``locator``.</doc>
<msg timestamp="20230613 17:15:12.612" level="INFO">${text} = 2</msg>
<status status="PASS" starttime="20230613 17:15:12.604" endtime="20230613 17:15:12.612"/>
</kw>
<kw name="Log" library="BuiltIn">
<arg>${text}</arg>
<doc>Logs the given message with the given level.</doc>
<msg timestamp="20230613 17:15:12.613" level="INFO">2</msg>
<status status="PASS" starttime="20230613 17:15:12.612" endtime="20230613 17:15:12.613"/>
</kw>
<kw name="Log To Console" library="BuiltIn">
<arg>${text}</arg>
<doc>Logs the given message to the console.</doc>
<status status="PASS" starttime="20230613 17:15:12.613" endtime="20230613 17:15:12.613"/>
</kw>
<status status="PASS" starttime="20230613 17:15:12.604" endtime="20230613 17:15:12.613"/>
</iter>
<iter>
<var name="${text}">&lt;selenium.webdriver.remote.webelement.WebElement (session="b7d76e94143117e967f6eee072305cbc", element="C3FCB982B20F7C1262E1455BEE26C1FD_element_111")&gt;</var>
<kw name="Get Text" library="SeleniumLibrary">
<var>${text}</var>
<arg>${text}</arg>
<doc>Returns the text value of the element identified by ``locator``.</doc>
<msg timestamp="20230613 17:15:12.622" level="INFO">${text} = 50.59</msg>
<status status="PASS" starttime="20230613 17:15:12.614" endtime="20230613 17:15:12.622"/>
</kw>
<kw name="Log" library="BuiltIn">
<arg>${text}</arg>
<doc>Logs the given message with the given level.</doc>
<msg timestamp="20230613 17:15:12.623" level="INFO">50.59</msg>
<status status="PASS" starttime="20230613 17:15:12.622" endtime="20230613 17:15:12.623"/>
</kw>
<kw name="Log To Console" library="BuiltIn">
<arg>${text}</arg>
<doc>Logs the given message to the console.</doc>
<status status="PASS" starttime="20230613 17:15:12.623" endtime="20230613 17:15:12.624"/>
</kw>
<status status="PASS" starttime="20230613 17:15:12.614" endtime="20230613 17:15:12.624"/>
</iter>
<iter>
<var name="${text}">&lt;selenium.webdriver.remote.webelement.WebElement (session="b7d76e94143117e967f6eee072305cbc", element="C3FCB982B20F7C1262E1455BEE26C1FD_element_112")&gt;</var>
<kw name="Get Text" library="SeleniumLibrary">
<var>${text}</var>
<arg>${text}</arg>
<doc>Returns the text value of the element identified by ``locator``.</doc>
<msg timestamp="20230613 17:15:12.633" level="INFO">${text} = </msg>
<status status="PASS" starttime="20230613 17:15:12.624" endtime="20230613 17:15:12.633"/>
</kw>
<kw name="Log" library="BuiltIn">
<arg>${text}</arg>
<doc>Logs the given message with the given level.</doc>
<msg timestamp="20230613 17:15:12.633" level="INFO"/>
<status status="PASS" starttime="20230613 17:15:12.633" endtime="20230613 17:15:12.633"/>
</kw>
<kw name="Log To Console" library="BuiltIn">
<arg>${text}</arg>
<doc>Logs the given message to the console.</doc>
<status status="PASS" starttime="20230613 17:15:12.634" endtime="20230613 17:15:12.634"/>
</kw>
<status status="PASS" starttime="20230613 17:15:12.624" endtime="20230613 17:15:12.634"/>
</iter>
<iter>
<var name="${text}">&lt;selenium.webdriver.remote.webelement.WebElement (session="b7d76e94143117e967f6eee072305cbc", element="C3FCB982B20F7C1262E1455BEE26C1FD_element_113")&gt;</var>
<kw name="Get Text" library="SeleniumLibrary">
<var>${text}</var>
<arg>${text}</arg>
<doc>Returns the text value of the element identified by ``locator``.</doc>
<msg timestamp="20230613 17:15:12.643" level="INFO">${text} = Dhananjaya de Silva</msg>
<status status="PASS" starttime="20230613 17:15:12.635" endtime="20230613 17:15:12.643"/>
</kw>
<kw name="Log" library="BuiltIn">
<arg>${text}</arg>
<doc>Logs the given message with the given level.</doc>
<msg timestamp="20230613 17:15:12.643" level="INFO">Dhananjaya de Silva</msg>
<status status="PASS" starttime="20230613 17:15:12.643" endtime="20230613 17:15:12.644"/>
</kw>
<kw name="Log To Console" library="BuiltIn">
<arg>${text}</arg>
<doc>Logs the given message to the console.</doc>
<status status="PASS" starttime="20230613 17:15:12.644" endtime="20230613 17:15:12.644"/>
</kw>
<status status="PASS" starttime="20230613 17:15:12.634" endtime="20230613 17:15:12.644"/>
</iter>
<iter>
<var name="${text}">&lt;selenium.webdriver.remote.webelement.WebElement (session="b7d76e94143117e967f6eee072305cbc", element="C3FCB982B20F7C1262E1455BEE26C1FD_element_114")&gt;</var>
<kw name="Get Text" library="SeleniumLibrary">
<var>${text}</var>
<arg>${text}</arg>
<doc>Returns the text value of the element identified by ``locator``.</doc>
<msg timestamp="20230613 17:15:12.654" level="INFO">${text} = lbw b Shami</msg>
<status status="PASS" starttime="20230613 17:15:12.645" endtime="20230613 17:15:12.654"/>
</kw>
<kw name="Log" library="BuiltIn">
<arg>${text}</arg>
<doc>Logs the given message with the given level.</doc>
<msg timestamp="20230613 17:15:12.654" level="INFO">lbw b Shami</msg>
<status status="PASS" starttime="20230613 17:15:12.654" endtime="20230613 17:15:12.654"/>
</kw>
<kw name="Log To Console" library="BuiltIn">
<arg>${text}</arg>
<doc>Logs the given message to the console.</doc>
<status status="PASS" starttime="20230613 17:15:12.655" endtime="20230613 17:15:12.655"/>
</kw>
<status status="PASS" starttime="20230613 17:15:12.645" endtime="20230613 17:15:12.655"/>
</iter>
<iter>
<var name="${text}">&lt;selenium.webdriver.remote.webelement.WebElement (session="b7d76e94143117e967f6eee072305cbc", element="C3FCB982B20F7C1262E1455BEE26C1FD_element_115")&gt;</var>
<kw name="Get Text" library="SeleniumLibrary">
<var>${text}</var>
<arg>${text}</arg>
<doc>Returns the text value of the element identified by ``locator``.</doc>
<msg timestamp="20230613 17:15:12.664" level="INFO">${text} = 10</msg>
<status status="PASS" starttime="20230613 17:15:12.655" endtime="20230613 17:15:12.664"/>
</kw>
<kw name="Log" library="BuiltIn">
<arg>${text}</arg>
<doc>Logs the given message with the given level.</doc>
<msg timestamp="20230613 17:15:12.664" level="INFO">10</msg>
<status status="PASS" starttime="20230613 17:15:12.664" endtime="20230613 17:15:12.665"/>
</kw>
<kw name="Log To Console" library="BuiltIn">
<arg>${text}</arg>
<doc>Logs the given message to the console.</doc>
<status status="PASS" starttime="20230613 17:15:12.665" endtime="20230613 17:15:12.665"/>
</kw>
<status status="PASS" starttime="20230613 17:15:12.655" endtime="20230613 17:15:12.665"/>
</iter>
<iter>
<var name="${text}">&lt;selenium.webdriver.remote.webelement.WebElement (session="b7d76e94143117e967f6eee072305cbc", element="C3FCB982B20F7C1262E1455BEE26C1FD_element_116")&gt;</var>
<kw name="Get Text" library="SeleniumLibrary">
<var>${text}</var>
<arg>${text}</arg>
<doc>Returns the text value of the element identified by ``locator``.</doc>
<msg timestamp="20230613 17:15:12.675" level="INFO">${text} = 24</msg>
<status status="PASS" starttime="20230613 17:15:12.666" endtime="20230613 17:15:12.675"/>
</kw>
<kw name="Log" library="BuiltIn">
<arg>${text}</arg>
<doc>Logs the given message with the given level.</doc>
<msg timestamp="20230613 17:15:12.675" level="INFO">24</msg>
<status status="PASS" starttime="20230613 17:15:12.675" endtime="20230613 17:15:12.675"/>
</kw>
<kw name="Log To Console" library="BuiltIn">
<arg>${text}</arg>
<doc>Logs the given message to the console.</doc>
<status status="PASS" starttime="20230613 17:15:12.676" endtime="20230613 17:15:12.676"/>
</kw>
<status status="PASS" starttime="20230613 17:15:12.666" endtime="20230613 17:15:12.676"/>
</iter>
<iter>
<var name="${text}">&lt;selenium.webdriver.remote.webelement.WebElement (session="b7d76e94143117e967f6eee072305cbc", element="C3FCB982B20F7C1262E1455BEE26C1FD_element_117")&gt;</var>
<kw name="Get Text" library="SeleniumLibrary">
<var>${text}</var>
<arg>${text}</arg>
<doc>Returns the text value of the element identified by ``locator``.</doc>
<msg timestamp="20230613 17:15:12.685" level="INFO">${text} = 1</msg>
<status status="PASS" starttime="20230613 17:15:12.676" endtime="20230613 17:15:12.685"/>
</kw>
<kw name="Log" library="BuiltIn">
<arg>${text}</arg>
<doc>Logs the given message with the given level.</doc>
<msg timestamp="20230613 17:15:12.685" level="INFO">1</msg>
<status status="PASS" starttime="20230613 17:15:12.685" endtime="20230613 17:15:12.686"/>
</kw>
<kw name="Log To Console" library="BuiltIn">
<arg>${text}</arg>
<doc>Logs the given message to the console.</doc>
<status status="PASS" starttime="20230613 17:15:12.686" endtime="20230613 17:15:12.687"/>
</kw>
<status status="PASS" starttime="20230613 17:15:12.676" endtime="20230613 17:15:12.687"/>
</iter>
<iter>
<var name="${text}">&lt;selenium.webdriver.remote.webelement.WebElement (session="b7d76e94143117e967f6eee072305cbc", element="C3FCB982B20F7C1262E1455BEE26C1FD_element_118")&gt;</var>
<kw name="Get Text" library="SeleniumLibrary">
<var>${text}</var>
<arg>${text}</arg>
<doc>Returns the text value of the element identified by ``locator``.</doc>
<msg timestamp="20230613 17:15:12.696" level="INFO">${text} = 0</msg>
<status status="PASS" starttime="20230613 17:15:12.688" endtime="20230613 17:15:12.696"/>
</kw>
<kw name="Log" library="BuiltIn">
<arg>${text}</arg>
<doc>Logs the given message with the given level.</doc>
<msg timestamp="20230613 17:15:12.696" level="INFO">0</msg>
<status status="PASS" starttime="20230613 17:15:12.696" endtime="20230613 17:15:12.696"/>
</kw>
<kw name="Log To Console" library="BuiltIn">
<arg>${text}</arg>
<doc>Logs the given message to the console.</doc>
<status status="PASS" starttime="20230613 17:15:12.696" endtime="20230613 17:15:12.697"/>
</kw>
<status status="PASS" starttime="20230613 17:15:12.687" endtime="20230613 17:15:12.697"/>
</iter>
<iter>
<var name="${text}">&lt;selenium.webdriver.remote.webelement.WebElement (session="b7d76e94143117e967f6eee072305cbc", element="C3FCB982B20F7C1262E1455BEE26C1FD_element_119")&gt;</var>
<kw name="Get Text" library="SeleniumLibrary">
<var>${text}</var>
<arg>${text}</arg>
<doc>Returns the text value of the element identified by ``locator``.</doc>
<msg timestamp="20230613 17:15:12.706" level="INFO">${text} = 41.67</msg>
<status status="PASS" starttime="20230613 17:15:12.697" endtime="20230613 17:15:12.706"/>
</kw>
<kw name="Log" library="BuiltIn">
<arg>${text}</arg>
<doc>Logs the given message with the given level.</doc>
<msg timestamp="20230613 17:15:12.707" level="INFO">41.67</msg>
<status status="PASS" starttime="20230613 17:15:12.707" endtime="20230613 17:15:12.707"/>
</kw>
<kw name="Log To Console" library="BuiltIn">
<arg>${text}</arg>
<doc>Logs the given message to the console.</doc>
<status status="PASS" starttime="20230613 17:15:12.707" endtime="20230613 17:15:12.708"/>
</kw>
<status status="PASS" starttime="20230613 17:15:12.697" endtime="20230613 17:15:12.708"/>
</iter>
<iter>
<var name="${text}">&lt;selenium.webdriver.remote.webelement.WebElement (session="b7d76e94143117e967f6eee072305cbc", element="C3FCB982B20F7C1262E1455BEE26C1FD_element_120")&gt;</var>
<kw name="Get Text" library="SeleniumLibrary">
<var>${text}</var>
<arg>${text}</arg>
<doc>Returns the text value of the element identified by ``locator``.</doc>
<msg timestamp="20230613 17:15:12.717" level="INFO">${text} = </msg>
<status status="PASS" starttime="20230613 17:15:12.708" endtime="20230613 17:15:12.717"/>
</kw>
<kw name="Log" library="BuiltIn">
<arg>${text}</arg>
<doc>Logs the given message with the given level.</doc>
<msg timestamp="20230613 17:15:12.717" level="INFO"/>
<status status="PASS" starttime="20230613 17:15:12.717" endtime="20230613 17:15:12.717"/>
</kw>
<kw name="Log To Console" library="BuiltIn">
<arg>${text}</arg>
<doc>Logs the given message to the console.</doc>
<status status="PASS" starttime="20230613 17:15:12.717" endtime="20230613 17:15:12.718"/>
</kw>
<status status="PASS" starttime="20230613 17:15:12.708" endtime="20230613 17:15:12.718"/>
</iter>
<iter>
<var name="${text}">&lt;selenium.webdriver.remote.webelement.WebElement (session="b7d76e94143117e967f6eee072305cbc", element="C3FCB982B20F7C1262E1455BEE26C1FD_element_121")&gt;</var>
<kw name="Get Text" library="SeleniumLibrary">
<var>${text}</var>
<arg>${text}</arg>
<doc>Returns the text value of the element identified by ``locator``.</doc>
<msg timestamp="20230613 17:15:12.752" level="INFO">${text} = Charith Asalanka</msg>
<status status="PASS" starttime="20230613 17:15:12.718" endtime="20230613 17:15:12.752"/>
</kw>
<kw name="Log" library="BuiltIn">
<arg>${text}</arg>
<doc>Logs the given message with the given level.</doc>
<msg timestamp="20230613 17:15:12.752" level="INFO">Charith Asalanka</msg>
<status status="PASS" starttime="20230613 17:15:12.752" endtime="20230613 17:15:12.753"/>
</kw>
<kw name="Log To Console" library="BuiltIn">
<arg>${text}</arg>
<doc>Logs the given message to the console.</doc>
<status status="PASS" starttime="20230613 17:15:12.753" endtime="20230613 17:15:12.754"/>
</kw>
<status status="PASS" starttime="20230613 17:15:12.718" endtime="20230613 17:15:12.754"/>
</iter>
<iter>
<var name="${text}">&lt;selenium.webdriver.remote.webelement.WebElement (session="b7d76e94143117e967f6eee072305cbc", element="C3FCB982B20F7C1262E1455BEE26C1FD_element_122")&gt;</var>
<kw name="Get Text" library="SeleniumLibrary">
<var>${text}</var>
<arg>${text}</arg>
<doc>Returns the text value of the element identified by ``locator``.</doc>
<msg timestamp="20230613 17:15:12.770" level="INFO">${text} = c Ashwin b Patel</msg>
<status status="PASS" starttime="20230613 17:15:12.754" endtime="20230613 17:15:12.770"/>
</kw>
<kw name="Log" library="BuiltIn">
<arg>${text}</arg>
<doc>Logs the given message with the given level.</doc>
<msg timestamp="20230613 17:15:12.771" level="INFO">c Ashwin b Patel</msg>
<status status="PASS" starttime="20230613 17:15:12.770" endtime="20230613 17:15:12.771"/>
</kw>
<kw name="Log To Console" library="BuiltIn">
<arg>${text}</arg>
<doc>Logs the given message to the console.</doc>
<status status="PASS" starttime="20230613 17:15:12.771" endtime="20230613 17:15:12.772"/>
</kw>
<status status="PASS" starttime="20230613 17:15:12.754" endtime="20230613 17:15:12.772"/>
</iter>
<iter>
<var name="${text}">&lt;selenium.webdriver.remote.webelement.WebElement (session="b7d76e94143117e967f6eee072305cbc", element="C3FCB982B20F7C1262E1455BEE26C1FD_element_123")&gt;</var>
<kw name="Get Text" library="SeleniumLibrary">
<var>${text}</var>
<arg>${text}</arg>
<doc>Returns the text value of the element identified by ``locator``.</doc>
<msg timestamp="20230613 17:15:12.780" level="INFO">${text} = 5</msg>
<status status="PASS" starttime="20230613 17:15:12.772" endtime="20230613 17:15:12.780"/>
</kw>
<kw name="Log" library="BuiltIn">
<arg>${text}</arg>
<doc>Logs the given message with the given level.</doc>
<msg timestamp="20230613 17:15:12.781" level="INFO">5</msg>
<status status="PASS" starttime="20230613 17:15:12.781" endtime="20230613 17:15:12.781"/>
</kw>
<kw name="Log To Console" library="BuiltIn">
<arg>${text}</arg>
<doc>Logs the given message to the console.</doc>
<status status="PASS" starttime="20230613 17:15:12.781" endtime="20230613 17:15:12.781"/>
</kw>
<status status="PASS" starttime="20230613 17:15:12.772" endtime="20230613 17:15:12.781"/>
</iter>
<iter>
<var name="${text}">&lt;selenium.webdriver.remote.webelement.WebElement (session="b7d76e94143117e967f6eee072305cbc", element="C3FCB982B20F7C1262E1455BEE26C1FD_element_124")&gt;</var>
<kw name="Get Text" library="SeleniumLibrary">
<var>${text}</var>
<arg>${text}</arg>
<doc>Returns the text value of the element identified by ``locator``.</doc>
<msg timestamp="20230613 17:15:12.790" level="INFO">${text} = 8</msg>
<status status="PASS" starttime="20230613 17:15:12.782" endtime="20230613 17:15:12.790"/>
</kw>
<kw name="Log" library="BuiltIn">
<arg>${text}</arg>
<doc>Logs the given message with the given level.</doc>
<msg timestamp="20230613 17:15:12.790" level="INFO">8</msg>
<status status="PASS" starttime="20230613 17:15:12.790" endtime="20230613 17:15:12.790"/>
</kw>
<kw name="Log To Console" library="BuiltIn">
<arg>${text}</arg>
<doc>Logs the given message to the console.</doc>
<status status="PASS" starttime="20230613 17:15:12.791" endtime="20230613 17:15:12.791"/>
</kw>
<status status="PASS" starttime="20230613 17:15:12.782" endtime="20230613 17:15:12.791"/>
</iter>
<iter>
<var name="${text}">&lt;selenium.webdriver.remote.webelement.WebElement (session="b7d76e94143117e967f6eee072305cbc", element="C3FCB982B20F7C1262E1455BEE26C1FD_element_125")&gt;</var>
<kw name="Get Text" library="SeleniumLibrary">
<var>${text}</var>
<arg>${text}</arg>
<doc>Returns the text value of the element identified by ``locator``.</doc>
<msg timestamp="20230613 17:15:12.799" level="INFO">${text} = 1</msg>
<status status="PASS" starttime="20230613 17:15:12.792" endtime="20230613 17:15:12.800"/>
</kw>
<kw name="Log" library="BuiltIn">
<arg>${text}</arg>
<doc>Logs the given message with the given level.</doc>
<msg timestamp="20230613 17:15:12.800" level="INFO">1</msg>
<status status="PASS" starttime="20230613 17:15:12.800" endtime="20230613 17:15:12.800"/>
</kw>
<kw name="Log To Console" library="BuiltIn">
<arg>${text}</arg>
<doc>Logs the given message to the console.</doc>
<status status="PASS" starttime="20230613 17:15:12.800" endtime="20230613 17:15:12.801"/>
</kw>
<status status="PASS" starttime="20230613 17:15:12.791" endtime="20230613 17:15:12.801"/>
</iter>
<iter>
<var name="${text}">&lt;selenium.webdriver.remote.webelement.WebElement (session="b7d76e94143117e967f6eee072305cbc", element="C3FCB982B20F7C1262E1455BEE26C1FD_element_126")&gt;</var>
<kw name="Get Text" library="SeleniumLibrary">
<var>${text}</var>
<arg>${text}</arg>
<doc>Returns the text value of the element identified by ``locator``.</doc>
<msg timestamp="20230613 17:15:12.810" level="INFO">${text} = 0</msg>
<status status="PASS" starttime="20230613 17:15:12.801" endtime="20230613 17:15:12.810"/>
</kw>
<kw name="Log" library="BuiltIn">
<arg>${text}</arg>
<doc>Logs the given message with the given level.</doc>
<msg timestamp="20230613 17:15:12.811" level="INFO">0</msg>
<status status="PASS" starttime="20230613 17:15:12.811" endtime="20230613 17:15:12.811"/>
</kw>
<kw name="Log To Console" library="BuiltIn">
<arg>${text}</arg>
<doc>Logs the given message to the console.</doc>
<status status="PASS" starttime="20230613 17:15:12.811" endtime="20230613 17:15:12.812"/>
</kw>
<status status="PASS" starttime="20230613 17:15:12.801" endtime="20230613 17:15:12.812"/>
</iter>
<iter>
<var name="${text}">&lt;selenium.webdriver.remote.webelement.WebElement (session="b7d76e94143117e967f6eee072305cbc", element="C3FCB982B20F7C1262E1455BEE26C1FD_element_30")&gt;</var>
<kw name="Get Text" library="SeleniumLibrary">
<var>${text}</var>
<arg>${text}</arg>
<doc>Returns the text value of the element identified by ``locator``.</doc>
<msg timestamp="20230613 17:15:12.821" level="INFO">${text} = 62.50</msg>
<status status="PASS" starttime="20230613 17:15:12.813" endtime="20230613 17:15:12.821"/>
</kw>
<kw name="Log" library="BuiltIn">
<arg>${text}</arg>
<doc>Logs the given message with the given level.</doc>
<msg timestamp="20230613 17:15:12.821" level="INFO">62.50</msg>
<status status="PASS" starttime="20230613 17:15:12.821" endtime="20230613 17:15:12.821"/>
</kw>
<kw name="Log To Console" library="BuiltIn">
<arg>${text}</arg>
<doc>Logs the given message to the console.</doc>
<status status="PASS" starttime="20230613 17:15:12.821" endtime="20230613 17:15:12.822"/>
</kw>
<status status="PASS" starttime="20230613 17:15:12.812" endtime="20230613 17:15:12.822"/>
</iter>
<iter>
<var name="${text}">&lt;selenium.webdriver.remote.webelement.WebElement (session="b7d76e94143117e967f6eee072305cbc", element="C3FCB982B20F7C1262E1455BEE26C1FD_element_127")&gt;</var>
<kw name="Get Text" library="SeleniumLibrary">
<var>${text}</var>
<arg>${text}</arg>
<doc>Returns the text value of the element identified by ``locator``.</doc>
<msg timestamp="20230613 17:15:12.830" level="INFO">${text} = </msg>
<status status="PASS" starttime="20230613 17:15:12.822" endtime="20230613 17:15:12.831"/>
</kw>
<kw name="Log" library="BuiltIn">
<arg>${text}</arg>
<doc>Logs the given message with the given level.</doc>
<msg timestamp="20230613 17:15:12.831" level="INFO"/>
<status status="PASS" starttime="20230613 17:15:12.831" endtime="20230613 17:15:12.831"/>
</kw>
<kw name="Log To Console" library="BuiltIn">
<arg>${text}</arg>
<doc>Logs the given message to the console.</doc>
<status status="PASS" starttime="20230613 17:15:12.831" endtime="20230613 17:15:12.832"/>
</kw>
<status status="PASS" starttime="20230613 17:15:12.822" endtime="20230613 17:15:12.832"/>
</iter>
<iter>
<var name="${text}">&lt;selenium.webdriver.remote.webelement.WebElement (session="b7d76e94143117e967f6eee072305cbc", element="C3FCB982B20F7C1262E1455BEE26C1FD_element_128")&gt;</var>
<kw name="Get Text" library="SeleniumLibrary">
<var>${text}</var>
<arg>${text}</arg>
<doc>Returns the text value of the element identified by ``locator``.</doc>
<msg timestamp="20230613 17:15:12.841" level="INFO">${text} = Niroshan Dickwella</msg>
<status status="PASS" starttime="20230613 17:15:12.832" endtime="20230613 17:15:12.841"/>
</kw>
<kw name="Log" library="BuiltIn">
<arg>${text}</arg>
<doc>Logs the given message with the given level.</doc>
<msg timestamp="20230613 17:15:12.841" level="INFO">Niroshan Dickwella</msg>
<status status="PASS" starttime="20230613 17:15:12.841" endtime="20230613 17:15:12.841"/>
</kw>
<kw name="Log To Console" library="BuiltIn">
<arg>${text}</arg>
<doc>Logs the given message to the console.</doc>
<status status="PASS" starttime="20230613 17:15:12.842" endtime="20230613 17:15:12.842"/>
</kw>
<status status="PASS" starttime="20230613 17:15:12.832" endtime="20230613 17:15:12.842"/>
</iter>
<iter>
<var name="${text}">&lt;selenium.webdriver.remote.webelement.WebElement (session="b7d76e94143117e967f6eee072305cbc", element="C3FCB982B20F7C1262E1455BEE26C1FD_element_129")&gt;</var>
<kw name="Get Text" library="SeleniumLibrary">
<var>${text}</var>
<arg>${text}</arg>
<doc>Returns the text value of the element identified by ``locator``.</doc>
<msg timestamp="20230613 17:15:12.876" level="INFO">${text} = b Bumrah</msg>
<status status="PASS" starttime="20230613 17:15:12.842" endtime="20230613 17:15:12.876"/>
</kw>
<kw name="Log" library="BuiltIn">
<arg>${text}</arg>
<doc>Logs the given message with the given level.</doc>
<msg timestamp="20230613 17:15:12.876" level="INFO">b Bumrah</msg>
<status status="PASS" starttime="20230613 17:15:12.876" endtime="20230613 17:15:12.876"/>
</kw>
<kw name="Log To Console" library="BuiltIn">
<arg>${text}</arg>
<doc>Logs the given message to the console.</doc>
<status status="PASS" starttime="20230613 17:15:12.877" endtime="20230613 17:15:12.877"/>
</kw>
<status status="PASS" starttime="20230613 17:15:12.842" endtime="20230613 17:15:12.877"/>
</iter>
<iter>
<var name="${text}">&lt;selenium.webdriver.remote.webelement.WebElement (session="b7d76e94143117e967f6eee072305cbc", element="C3FCB982B20F7C1262E1455BEE26C1FD_element_130")&gt;</var>
<kw name="Get Text" library="SeleniumLibrary">
<var>${text}</var>
<arg>${text}</arg>
<doc>Returns the text value of the element identified by ``locator``.</doc>
<msg timestamp="20230613 17:15:12.888" level="INFO">${text} = 21</msg>
<status status="PASS" starttime="20230613 17:15:12.878" endtime="20230613 17:15:12.888"/>
</kw>
<kw name="Log" library="BuiltIn">
<arg>${text}</arg>
<doc>Logs the given message with the given level.</doc>
<msg timestamp="20230613 17:15:12.889" level="INFO">21</msg>
<status status="PASS" starttime="20230613 17:15:12.888" endtime="20230613 17:15:12.889"/>
</kw>
<kw name="Log To Console" library="BuiltIn">
<arg>${text}</arg>
<doc>Logs the given message to the console.</doc>
<status status="PASS" starttime="20230613 17:15:12.889" endtime="20230613 17:15:12.889"/>
</kw>
<status status="PASS" starttime="20230613 17:15:12.877" endtime="20230613 17:15:12.890"/>
</iter>
<iter>
<var name="${text}">&lt;selenium.webdriver.remote.webelement.WebElement (session="b7d76e94143117e967f6eee072305cbc", element="C3FCB982B20F7C1262E1455BEE26C1FD_element_131")&gt;</var>
<kw name="Get Text" library="SeleniumLibrary">
<var>${text}</var>
<arg>${text}</arg>
<doc>Returns the text value of the element identified by ``locator``.</doc>
<msg timestamp="20230613 17:15:12.899" level="INFO">${text} = 38</msg>
<status status="PASS" starttime="20230613 17:15:12.890" endtime="20230613 17:15:12.899"/>
</kw>
<kw name="Log" library="BuiltIn">
<arg>${text}</arg>
<doc>Logs the given message with the given level.</doc>
<msg timestamp="20230613 17:15:12.899" level="INFO">38</msg>
<status status="PASS" starttime="20230613 17:15:12.899" endtime="20230613 17:15:12.899"/>
</kw>
<kw name="Log To Console" library="BuiltIn">
<arg>${text}</arg>
<doc>Logs the given message to the console.</doc>
<status status="PASS" starttime="20230613 17:15:12.899" endtime="20230613 17:15:12.900"/>
</kw>
<status status="PASS" starttime="20230613 17:15:12.890" endtime="20230613 17:15:12.900"/>
</iter>
<iter>
<var name="${text}">&lt;selenium.webdriver.remote.webelement.WebElement (session="b7d76e94143117e967f6eee072305cbc", element="C3FCB982B20F7C1262E1455BEE26C1FD_element_132")&gt;</var>
<kw name="Get Text" library="SeleniumLibrary">
<var>${text}</var>
<arg>${text}</arg>
<doc>Returns the text value of the element identified by ``locator``.</doc>
<msg timestamp="20230613 17:15:12.909" level="INFO">${text} = 3</msg>
<status status="PASS" starttime="20230613 17:15:12.900" endtime="20230613 17:15:12.909"/>
</kw>
<kw name="Log" library="BuiltIn">
<arg>${text}</arg>
<doc>Logs the given message with the given level.</doc>
<msg timestamp="20230613 17:15:12.909" level="INFO">3</msg>
<status status="PASS" starttime="20230613 17:15:12.909" endtime="20230613 17:15:12.909"/>
</kw>
<kw name="Log To Console" library="BuiltIn">
<arg>${text}</arg>
<doc>Logs the given message to the console.</doc>
<status status="PASS" starttime="20230613 17:15:12.910" endtime="20230613 17:15:12.910"/>
</kw>
<status status="PASS" starttime="20230613 17:15:12.900" endtime="20230613 17:15:12.910"/>
</iter>
<iter>
<var name="${text}">&lt;selenium.webdriver.remote.webelement.WebElement (session="b7d76e94143117e967f6eee072305cbc", element="C3FCB982B20F7C1262E1455BEE26C1FD_element_133")&gt;</var>
<kw name="Get Text" library="SeleniumLibrary">
<var>${text}</var>
<arg>${text}</arg>
<doc>Returns the text value of the element identified by ``locator``.</doc>
<msg timestamp="20230613 17:15:12.919" level="INFO">${text} = 0</msg>
<status status="PASS" starttime="20230613 17:15:12.911" endtime="20230613 17:15:12.919"/>
</kw>
<kw name="Log" library="BuiltIn">
<arg>${text}</arg>
<doc>Logs the given message with the given level.</doc>
<msg timestamp="20230613 17:15:12.919" level="INFO">0</msg>
<status status="PASS" starttime="20230613 17:15:12.919" endtime="20230613 17:15:12.920"/>
</kw>
<kw name="Log To Console" library="BuiltIn">
<arg>${text}</arg>
<doc>Logs the given message to the console.</doc>
<status status="PASS" starttime="20230613 17:15:12.920" endtime="20230613 17:15:12.920"/>
</kw>
<status status="PASS" starttime="20230613 17:15:12.910" endtime="20230613 17:15:12.920"/>
</iter>
<iter>
<var name="${text}">&lt;selenium.webdriver.remote.webelement.WebElement (session="b7d76e94143117e967f6eee072305cbc", element="C3FCB982B20F7C1262E1455BEE26C1FD_element_134")&gt;</var>
<kw name="Get Text" library="SeleniumLibrary">
<var>${text}</var>
<arg>${text}</arg>
<doc>Returns the text value of the element identified by ``locator``.</doc>
<msg timestamp="20230613 17:15:12.929" level="INFO">${text} = 55.26</msg>
<status status="PASS" starttime="20230613 17:15:12.921" endtime="20230613 17:15:12.929"/>
</kw>
<kw name="Log" library="BuiltIn">
<arg>${text}</arg>
<doc>Logs the given message with the given level.</doc>
<msg timestamp="20230613 17:15:12.930" level="INFO">55.26</msg>
<status status="PASS" starttime="20230613 17:15:12.930" endtime="20230613 17:15:12.930"/>
</kw>
<kw name="Log To Console" library="BuiltIn">
<arg>${text}</arg>
<doc>Logs the given message to the console.</doc>
<status status="PASS" starttime="20230613 17:15:12.930" endtime="20230613 17:15:12.931"/>
</kw>
<status status="PASS" starttime="20230613 17:15:12.920" endtime="20230613 17:15:12.931"/>
</iter>
<iter>
<var name="${text}">&lt;selenium.webdriver.remote.webelement.WebElement (session="b7d76e94143117e967f6eee072305cbc", element="C3FCB982B20F7C1262E1455BEE26C1FD_element_135")&gt;</var>
<kw name="Get Text" library="SeleniumLibrary">
<var>${text}</var>
<arg>${text}</arg>
<doc>Returns the text value of the element identified by ``locator``.</doc>
<msg timestamp="20230613 17:15:12.939" level="INFO">${text} = </msg>
<status status="PASS" starttime="20230613 17:15:12.931" endtime="20230613 17:15:12.939"/>
</kw>
<kw name="Log" library="BuiltIn">
<arg>${text}</arg>
<doc>Logs the given message with the given level.</doc>
<msg timestamp="20230613 17:15:12.940" level="INFO"/>
<status status="PASS" starttime="20230613 17:15:12.940" endtime="20230613 17:15:12.940"/>
</kw>
<kw name="Log To Console" library="BuiltIn">
<arg>${text}</arg>
<doc>Logs the given message to the console.</doc>
<status status="PASS" starttime="20230613 17:15:12.940" endtime="20230613 17:15:12.940"/>
</kw>
<status status="PASS" starttime="20230613 17:15:12.931" endtime="20230613 17:15:12.940"/>
</iter>
<iter>
<var name="${text}">&lt;selenium.webdriver.remote.webelement.WebElement (session="b7d76e94143117e967f6eee072305cbc", element="C3FCB982B20F7C1262E1455BEE26C1FD_element_136")&gt;</var>
<kw name="Get Text" library="SeleniumLibrary">
<var>${text}</var>
<arg>${text}</arg>
<doc>Returns the text value of the element identified by ``locator``.</doc>
<msg timestamp="20230613 17:15:12.949" level="INFO">${text} = Lasith Embuldeniya</msg>
<status status="PASS" starttime="20230613 17:15:12.941" endtime="20230613 17:15:12.949"/>
</kw>
<kw name="Log" library="BuiltIn">
<arg>${text}</arg>
<doc>Logs the given message with the given level.</doc>
<msg timestamp="20230613 17:15:12.950" level="INFO">Lasith Embuldeniya</msg>
<status status="PASS" starttime="20230613 17:15:12.949" endtime="20230613 17:15:12.950"/>
</kw>
<kw name="Log To Console" library="BuiltIn">
<arg>${text}</arg>
<doc>Logs the given message to the console.</doc>
<status status="PASS" starttime="20230613 17:15:12.950" endtime="20230613 17:15:12.951"/>
</kw>
<status status="PASS" starttime="20230613 17:15:12.941" endtime="20230613 17:15:12.951"/>
</iter>
<iter>
<var name="${text}">&lt;selenium.webdriver.remote.webelement.WebElement (session="b7d76e94143117e967f6eee072305cbc", element="C3FCB982B20F7C1262E1455BEE26C1FD_element_137")&gt;</var>
<kw name="Get Text" library="SeleniumLibrary">
<var>${text}</var>
<arg>${text}</arg>
<doc>Returns the text value of the element identified by ``locator``.</doc>
<msg timestamp="20230613 17:15:12.960" level="INFO">${text} = c Pant b Bumrah</msg>
<status status="PASS" starttime="20230613 17:15:12.952" endtime="20230613 17:15:12.960"/>
</kw>
<kw name="Log" library="BuiltIn">
<arg>${text}</arg>
<doc>Logs the given message with the given level.</doc>
<msg timestamp="20230613 17:15:12.960" level="INFO">c Pant b Bumrah</msg>
<status status="PASS" starttime="20230613 17:15:12.960" endtime="20230613 17:15:12.960"/>
</kw>
<kw name="Log To Console" library="BuiltIn">
<arg>${text}</arg>
<doc>Logs the given message to the console.</doc>
<status status="PASS" starttime="20230613 17:15:12.960" endtime="20230613 17:15:12.961"/>
</kw>
<status status="PASS" starttime="20230613 17:15:12.951" endtime="20230613 17:15:12.961"/>
</iter>
<iter>
<var name="${text}">&lt;selenium.webdriver.remote.webelement.WebElement (session="b7d76e94143117e967f6eee072305cbc", element="C3FCB982B20F7C1262E1455BEE26C1FD_element_138")&gt;</var>
<kw name="Get Text" library="SeleniumLibrary">
<var>${text}</var>
<arg>${text}</arg>
<doc>Returns the text value of the element identified by ``locator``.</doc>
<msg timestamp="20230613 17:15:12.968" level="INFO">${text} = 1</msg>
<status status="PASS" starttime="20230613 17:15:12.961" endtime="20230613 17:15:12.968"/>
</kw>
<kw name="Log" library="BuiltIn">
<arg>${text}</arg>
<doc>Logs the given message with the given level.</doc>
<msg timestamp="20230613 17:15:12.968" level="INFO">1</msg>
<status status="PASS" starttime="20230613 17:15:12.968" endtime="20230613 17:15:12.968"/>
</kw>
<kw name="Log To Console" library="BuiltIn">
<arg>${text}</arg>
<doc>Logs the given message to the console.</doc>
<status status="PASS" starttime="20230613 17:15:12.968" endtime="20230613 17:15:12.969"/>
</kw>
<status status="PASS" starttime="20230613 17:15:12.961" endtime="20230613 17:15:12.969"/>
</iter>
<iter>
<var name="${text}">&lt;selenium.webdriver.remote.webelement.WebElement (session="b7d76e94143117e967f6eee072305cbc", element="C3FCB982B20F7C1262E1455BEE26C1FD_element_139")&gt;</var>
<kw name="Get Text" library="SeleniumLibrary">
<var>${text}</var>
<arg>${text}</arg>
<doc>Returns the text value of the element identified by ``locator``.</doc>
<msg timestamp="20230613 17:15:12.978" level="INFO">${text} = 16</msg>
<status status="PASS" starttime="20230613 17:15:12.969" endtime="20230613 17:15:12.978"/>
</kw>
<kw name="Log" library="BuiltIn">
<arg>${text}</arg>
<doc>Logs the given message with the given level.</doc>
<msg timestamp="20230613 17:15:12.978" level="INFO">16</msg>
<status status="PASS" starttime="20230613 17:15:12.978" endtime="20230613 17:15:12.979"/>
</kw>
<kw name="Log To Console" library="BuiltIn">
<arg>${text}</arg>
<doc>Logs the given message to the console.</doc>
<status status="PASS" starttime="20230613 17:15:12.979" endtime="20230613 17:15:12.979"/>
</kw>
<status status="PASS" starttime="20230613 17:15:12.969" endtime="20230613 17:15:12.979"/>
</iter>
<iter>
<var name="${text}">&lt;selenium.webdriver.remote.webelement.WebElement (session="b7d76e94143117e967f6eee072305cbc", element="C3FCB982B20F7C1262E1455BEE26C1FD_element_140")&gt;</var>
<kw name="Get Text" library="SeleniumLibrary">
<var>${text}</var>
<arg>${text}</arg>
<doc>Returns the text value of the element identified by ``locator``.</doc>
<msg timestamp="20230613 17:15:13.014" level="INFO">${text} = 0</msg>
<status status="PASS" starttime="20230613 17:15:12.980" endtime="20230613 17:15:13.015"/>
</kw>
<kw name="Log" library="BuiltIn">
<arg>${text}</arg>
[...]
<status status="PASS" starttime="20230613 17:15:14.163" endtime="20230613 17:15:14.174"/>
</kw>
<kw name="Log To Console" library="BuiltIn">
<arg>${text}</arg>
<doc>Logs the given message to the console.</doc>
<status status="PASS" starttime="20230613 17:15:14.174" endtime="20230613 17:15:14.175"/>
</kw>
<if>
<branch type="IF" condition="&quot;${text}&quot; == &quot;b Shami&quot;">
<kw name="Log To Console" library="BuiltIn">
<arg>condition : passed</arg>
<doc>Logs the given message to the console.</doc>
<status status="NOT RUN" starttime="20230613 17:15:14.175" endtime="20230613 17:15:14.175"/>
</kw>
<status status="NOT RUN" starttime="20230613 17:15:14.175" endtime="20230613 17:15:14.175"/>
</branch>
<branch type="ELSE">
<kw name="Log To Console" library="BuiltIn">
<arg>condition : failed</arg>
<doc>Logs the given message to the console.</doc>
<status status="PASS" starttime="20230613 17:15:14.176" endtime="20230613 17:15:14.176"/>
</kw>
<status status="PASS" starttime="20230613 17:15:14.175" endtime="20230613 17:15:14.176"/>
</branch>
<status status="PASS" starttime="20230613 17:15:14.175" endtime="20230613 17:15:14.176"/>
</if>
<status status="PASS" starttime="20230613 17:15:14.163" endtime="20230613 17:15:14.176"/>
</iter>
<iter>
<var name="${text}">&lt;selenium.webdriver.remote.webelement.WebElement (session="b7d76e94143117e967f6eee072305cbc", element="C3FCB982B20F7C1262E1455BEE26C1FD_element_90")&gt;</var>
<kw name="Get Text" library="SeleniumLibrary">
<var>${text}</var>
<arg>${text}</arg>
<doc>Returns the text value of the element identified by ``locator``.</doc>
<msg timestamp="20230613 17:15:14.185" level="INFO">${text} = b Shami</msg>
<status status="PASS" starttime="20230613 17:15:14.176" endtime="20230613 17:15:14.185"/>
</kw>
<kw name="Log To Console" library="BuiltIn">
<arg>${text}</arg>
<doc>Logs the given message to the console.</doc>
<status status="PASS" starttime="20230613 17:15:14.185" endtime="20230613 17:15:14.186"/>
</kw>
<if>
<branch type="IF" condition="&quot;${text}&quot; == &quot;b Shami&quot;">
<kw name="Log To Console" library="BuiltIn">
<arg>condition : passed</arg>
<doc>Logs the given message to the console.</doc>
<status status="PASS" starttime="20230613 17:15:14.187" endtime="20230613 17:15:14.187"/>
</kw>
<status status="PASS" starttime="20230613 17:15:14.186" endtime="20230613 17:15:14.187"/>
</branch>
<branch type="ELSE">
<kw name="Log To Console" library="BuiltIn">
<arg>condition : failed</arg>
<doc>Logs the given message to the console.</doc>
<status status="NOT RUN" starttime="20230613 17:15:14.188" endtime="20230613 17:15:14.188"/>
</kw>
<status status="NOT RUN" starttime="20230613 17:15:14.187" endtime="20230613 17:15:14.188"/>
</branch>
<status status="PASS" starttime="20230613 17:15:14.186" endtime="20230613 17:15:14.188"/>
</if>
<status status="PASS" starttime="20230613 17:15:14.176" endtime="20230613 17:15:14.188"/>
</iter>
<iter>
<var name="${text}">&lt;selenium.webdriver.remote.webelement.WebElement (session="b7d76e94143117e967f6eee072305cbc", element="C3FCB982B20F7C1262E1455BEE26C1FD_element_98")&gt;</var>
<kw name="Get Text" library="SeleniumLibrary">
<var>${text}</var>
<arg>${text}</arg>
<doc>Returns the text value of the element identified by ``locator``.</doc>
<msg timestamp="20230613 17:15:14.223" level="INFO">${text} = c Iyer b Bumrah</msg>
<status status="PASS" starttime="20230613 17:15:14.188" endtime="20230613 17:15:14.223"/>
</kw>
<kw name="Log To Console" library="BuiltIn">
<arg>${text}</arg>
<doc>Logs the given message to the console.</doc>
<status status="PASS" starttime="20230613 17:15:14.223" endtime="20230613 17:15:14.224"/>
</kw>
<if>
<branch type="IF" condition="&quot;${text}&quot; == &quot;b Shami&quot;">
<kw name="Log To Console" library="BuiltIn">
<arg>condition : passed</arg>
<doc>Logs the given message to the console.</doc>
<status status="NOT RUN" starttime="20230613 17:15:14.224" endtime="20230613 17:15:14.224"/>
</kw>
<status status="NOT RUN" starttime="20230613 17:15:14.224" endtime="20230613 17:15:14.224"/>
</branch>
<branch type="ELSE">
<kw name="Log To Console" library="BuiltIn">
<arg>condition : failed</arg>
<doc>Logs the given message to the console.</doc>
<status status="PASS" starttime="20230613 17:15:14.225" endtime="20230613 17:15:14.225"/>
</kw>
<status status="PASS" starttime="20230613 17:15:14.225" endtime="20230613 17:15:14.225"/>
</branch>
<status status="PASS" starttime="20230613 17:15:14.224" endtime="20230613 17:15:14.225"/>
</if>
<status status="PASS" starttime="20230613 17:15:14.188" endtime="20230613 17:15:14.225"/>
</iter>
<iter>
<var name="${text}">&lt;selenium.webdriver.remote.webelement.WebElement (session="b7d76e94143117e967f6eee072305cbc", element="C3FCB982B20F7C1262E1455BEE26C1FD_element_106")&gt;</var>
<kw name="Get Text" library="SeleniumLibrary">
<var>${text}</var>
<arg>${text}</arg>
<doc>Returns the text value of the element identified by ``locator``.</doc>
<msg timestamp="20230613 17:15:14.241" level="INFO">${text} = c Sharma b Bumrah</msg>
<status status="PASS" starttime="20230613 17:15:14.226" endtime="20230613 17:15:14.241"/>
</kw>
<kw name="Log To Console" library="BuiltIn">
<arg>${text}</arg>
<doc>Logs the given message to the console.</doc>
<status status="PASS" starttime="20230613 17:15:14.241" endtime="20230613 17:15:14.242"/>
</kw>
<if>
<branch type="IF" condition="&quot;${text}&quot; == &quot;b Shami&quot;">
<kw name="Log To Console" library="BuiltIn">
<arg>condition : passed</arg>
<doc>Logs the given message to the console.</doc>
<status status="NOT RUN" starttime="20230613 17:15:14.243" endtime="20230613 17:15:14.243"/>
</kw>
<status status="NOT RUN" starttime="20230613 17:15:14.242" endtime="20230613 17:15:14.243"/>
</branch>
<branch type="ELSE">
<kw name="Log To Console" library="BuiltIn">
<arg>condition : failed</arg>
<doc>Logs the given message to the console.</doc>
<status status="PASS" starttime="20230613 17:15:14.243" endtime="20230613 17:15:14.243"/>
</kw>
<status status="PASS" starttime="20230613 17:15:14.243" endtime="20230613 17:15:14.244"/>
</branch>
<status status="PASS" starttime="20230613 17:15:14.242" endtime="20230613 17:15:14.244"/>
</if>
<status status="PASS" starttime="20230613 17:15:14.226" endtime="20230613 17:15:14.244"/>
</iter>
<iter>
<var name="${text}">&lt;selenium.webdriver.remote.webelement.WebElement (session="b7d76e94143117e967f6eee072305cbc", element="C3FCB982B20F7C1262E1455BEE26C1FD_element_114")&gt;</var>
<kw name="Get Text" library="SeleniumLibrary">
<var>${text}</var>
<arg>${text}</arg>
<doc>Returns the text value of the element identified by ``locator``.</doc>
<msg timestamp="20230613 17:15:14.253" level="INFO">${text} = lbw b Shami</msg>
<status status="PASS" starttime="20230613 17:15:14.244" endtime="20230613 17:15:14.253"/>
</kw>
<kw name="Log To Console" library="BuiltIn">
<arg>${text}</arg>
<doc>Logs the given message to the console.</doc>
<status status="PASS" starttime="20230613 17:15:14.253" endtime="20230613 17:15:14.253"/>
</kw>
<if>
<branch type="IF" condition="&quot;${text}&quot; == &quot;b Shami&quot;">
<kw name="Log To Console" library="BuiltIn">
<arg>condition : passed</arg>
<doc>Logs the given message to the console.</doc>
<status status="NOT RUN" starttime="20230613 17:15:14.254" endtime="20230613 17:15:14.254"/>
</kw>
<status status="NOT RUN" starttime="20230613 17:15:14.253" endtime="20230613 17:15:14.254"/>
</branch>
<branch type="ELSE">
<kw name="Log To Console" library="BuiltIn">
<arg>condition : failed</arg>
<doc>Logs the given message to the console.</doc>
<status status="PASS" starttime="20230613 17:15:14.254" endtime="20230613 17:15:14.255"/>
</kw>
<status status="PASS" starttime="20230613 17:15:14.254" endtime="20230613 17:15:14.255"/>
</branch>
<status status="PASS" starttime="20230613 17:15:14.253" endtime="20230613 17:15:14.255"/>
</if>
<status status="PASS" starttime="20230613 17:15:14.244" endtime="20230613 17:15:14.255"/>
</iter>
<iter>
<var name="${text}">&lt;selenium.webdriver.remote.webelement.WebElement (session="b7d76e94143117e967f6eee072305cbc", element="C3FCB982B20F7C1262E1455BEE26C1FD_element_122")&gt;</var>
<kw name="Get Text" library="SeleniumLibrary">
<var>${text}</var>
<arg>${text}</arg>
<doc>Returns the text value of the element identified by ``locator``.</doc>
<msg timestamp="20230613 17:15:14.265" level="INFO">${text} = c Ashwin b Patel</msg>
<status status="PASS" starttime="20230613 17:15:14.256" endtime="20230613 17:15:14.265"/>
</kw>
<kw name="Log To Console" library="BuiltIn">
<arg>${text}</arg>
<doc>Logs the given message to the console.</doc>
<status status="PASS" starttime="20230613 17:15:14.265" endtime="20230613 17:15:14.265"/>
</kw>
<if>
<branch type="IF" condition="&quot;${text}&quot; == &quot;b Shami&quot;">
<kw name="Log To Console" library="BuiltIn">
<arg>condition : passed</arg>
<doc>Logs the given message to the console.</doc>
<status status="NOT RUN" starttime="20230613 17:15:14.266" endtime="20230613 17:15:14.266"/>
</kw>
<status status="NOT RUN" starttime="20230613 17:15:14.266" endtime="20230613 17:15:14.266"/>
</branch>
<branch type="ELSE">
<kw name="Log To Console" library="BuiltIn">
<arg>condition : failed</arg>
<doc>Logs the given message to the console.</doc>
<status status="PASS" starttime="20230613 17:15:14.266" endtime="20230613 17:15:14.267"/>
</kw>
<status status="PASS" starttime="20230613 17:15:14.266" endtime="20230613 17:15:14.267"/>
</branch>
<status status="PASS" starttime="20230613 17:15:14.266" endtime="20230613 17:15:14.267"/>
</if>
<status status="PASS" starttime="20230613 17:15:14.255" endtime="20230613 17:15:14.267"/>
</iter>
<iter>
<var name="${text}">&lt;selenium.webdriver.remote.webelement.WebElement (session="b7d76e94143117e967f6eee072305cbc", element="C3FCB982B20F7C1262E1455BEE26C1FD_element_129")&gt;</var>
<kw name="Get Text" library="SeleniumLibrary">
<var>${text}</var>
<arg>${text}</arg>
<doc>Returns the text value of the element identified by ``locator``.</doc>
<msg timestamp="20230613 17:15:14.279" level="INFO">${text} = b Bumrah</msg>
<status status="PASS" starttime="20230613 17:15:14.267" endtime="20230613 17:15:14.279"/>
</kw>
<kw name="Log To Console" library="BuiltIn">
<arg>${text}</arg>
<doc>Logs the given message to the console.</doc>
<status status="PASS" starttime="20230613 17:15:14.279" endtime="20230613 17:15:14.279"/>
</kw>
<if>
<branch type="IF" condition="&quot;${text}&quot; == &quot;b Shami&quot;">
<kw name="Log To Console" library="BuiltIn">
<arg>condition : passed</arg>
<doc>Logs the given message to the console.</doc>
<status status="NOT RUN" starttime="20230613 17:15:14.280" endtime="20230613 17:15:14.280"/>
</kw>
<status status="NOT RUN" starttime="20230613 17:15:14.280" endtime="20230613 17:15:14.280"/>
</branch>
<branch type="ELSE">
<kw name="Log To Console" library="BuiltIn">
<arg>condition : failed</arg>
<doc>Logs the given message to the console.</doc>
<status status="PASS" starttime="20230613 17:15:14.280" endtime="20230613 17:15:14.281"/>
</kw>
<status status="PASS" starttime="20230613 17:15:14.280" endtime="20230613 17:15:14.281"/>
</branch>
<status status="PASS" starttime="20230613 17:15:14.280" endtime="20230613 17:15:14.281"/>
</if>
<status status="PASS" starttime="20230613 17:15:14.267" endtime="20230613 17:15:14.281"/>
</iter>
<iter>
<var name="${text}">&lt;selenium.webdriver.remote.webelement.WebElement (session="b7d76e94143117e967f6eee072305cbc", element="C3FCB982B20F7C1262E1455BEE26C1FD_element_137")&gt;</var>
<kw name="Get Text" library="SeleniumLibrary">
<var>${text}</var>
<arg>${text}</arg>
<doc>Returns the text value of the element identified by ``locator``.</doc>
<msg timestamp="20230613 17:15:14.292" level="INFO">${text} = c Pant b Bumrah</msg>
<status status="PASS" starttime="20230613 17:15:14.281" endtime="20230613 17:15:14.292"/>
</kw>
<kw name="Log To Console" library="BuiltIn">
<arg>${text}</arg>
<doc>Logs the given message to the console.</doc>
<status status="PASS" starttime="20230613 17:15:14.292" endtime="20230613 17:15:14.293"/>
</kw>
<if>
<branch type="IF" condition="&quot;${text}&quot; == &quot;b Shami&quot;">
<kw name="Log To Console" library="BuiltIn">
<arg>condition : passed</arg>
<doc>Logs the given message to the console.</doc>
<status status="NOT RUN" starttime="20230613 17:15:14.293" endtime="20230613 17:15:14.293"/>
</kw>
<status status="NOT RUN" starttime="20230613 17:15:14.293" endtime="20230613 17:15:14.294"/>
</branch>
<branch type="ELSE">
<kw name="Log To Console" library="BuiltIn">
<arg>condition : failed</arg>
<doc>Logs the given message to the console.</doc>
<status status="PASS" starttime="20230613 17:15:14.294" endtime="20230613 17:15:14.294"/>
</kw>
<status status="PASS" starttime="20230613 17:15:14.294" endtime="20230613 17:15:14.294"/>
</branch>
<status status="PASS" starttime="20230613 17:15:14.293" endtime="20230613 17:15:14.294"/>
</if>
<status status="PASS" starttime="20230613 17:15:14.281" endtime="20230613 17:15:14.294"/>
</iter>
<iter>
<var name="${text}">&lt;selenium.webdriver.remote.webelement.WebElement (session="b7d76e94143117e967f6eee072305cbc", element="C3FCB982B20F7C1262E1455BEE26C1FD_element_145")&gt;</var>
<kw name="Get Text" library="SeleniumLibrary">
<var>${text}</var>
<arg>${text}</arg>
<doc>Returns the text value of the element identified by ``locator``.</doc>
<msg timestamp="20230613 17:15:14.304" level="INFO">${text} = b Ashwin</msg>
<status status="PASS" starttime="20230613 17:15:14.295" endtime="20230613 17:15:14.304"/>
</kw>
<kw name="Log To Console" library="BuiltIn">
<arg>${text}</arg>
<doc>Logs the given message to the console.</doc>
<status status="PASS" starttime="20230613 17:15:14.305" endtime="20230613 17:15:14.305"/>
</kw>
<if>
<branch type="IF" condition="&quot;${text}&quot; == &quot;b Shami&quot;">
<kw name="Log To Console" library="BuiltIn">
<arg>condition : passed</arg>
<doc>Logs the given message to the console.</doc>
<status status="NOT RUN" starttime="20230613 17:15:14.306" endtime="20230613 17:15:14.306"/>
</kw>
<status status="NOT RUN" starttime="20230613 17:15:14.305" endtime="20230613 17:15:14.306"/>
</branch>
<branch type="ELSE">
<kw name="Log To Console" library="BuiltIn">
<arg>condition : failed</arg>
<doc>Logs the given message to the console.</doc>
<status status="PASS" starttime="20230613 17:15:14.306" endtime="20230613 17:15:14.306"/>
</kw>
<status status="PASS" starttime="20230613 17:15:14.306" endtime="20230613 17:15:14.307"/>
</branch>
<status status="PASS" starttime="20230613 17:15:14.305" endtime="20230613 17:15:14.307"/>
</if>
<status status="PASS" starttime="20230613 17:15:14.295" endtime="20230613 17:15:14.307"/>
</iter>
<iter>
<var name="${text}">&lt;selenium.webdriver.remote.webelement.WebElement (session="b7d76e94143117e967f6eee072305cbc", element="C3FCB982B20F7C1262E1455BEE26C1FD_element_152")&gt;</var>
<kw name="Get Text" library="SeleniumLibrary">
<var>${text}</var>
<arg>${text}</arg>
<doc>Returns the text value of the element identified by ``locator``.</doc>
<msg timestamp="20230613 17:15:14.315" level="INFO">${text} = not out</msg>
<status status="PASS" starttime="20230613 17:15:14.307" endtime="20230613 17:15:14.315"/>
</kw>
<kw name="Log To Console" library="BuiltIn">
<arg>${text}</arg>
<doc>Logs the given message to the console.</doc>
<status status="PASS" starttime="20230613 17:15:14.315" endtime="20230613 17:15:14.315"/>
</kw>
<if>
<branch type="IF" condition="&quot;${text}&quot; == &quot;b Shami&quot;">
<kw name="Log To Console" library="BuiltIn">
<arg>condition : passed</arg>
<doc>Logs the given message to the console.</doc>
<status status="NOT RUN" starttime="20230613 17:15:14.316" endtime="20230613 17:15:14.316"/>
</kw>
<status status="NOT RUN" starttime="20230613 17:15:14.316" endtime="20230613 17:15:14.316"/>
</branch>
<branch type="ELSE">
<kw name="Log To Console" library="BuiltIn">
<arg>condition : failed</arg>
<doc>Logs the given message to the console.</doc>
<status status="PASS" starttime="20230613 17:15:14.316" endtime="20230613 17:15:14.317"/>
</kw>
<status status="PASS" starttime="20230613 17:15:14.316" endtime="20230613 17:15:14.317"/>
</branch>
<status status="PASS" starttime="20230613 17:15:14.316" endtime="20230613 17:15:14.317"/>
</if>
<status status="PASS" starttime="20230613 17:15:14.307" endtime="20230613 17:15:14.317"/>
</iter>
<iter>
<var name="${text}">&lt;selenium.webdriver.remote.webelement.WebElement (session="b7d76e94143117e967f6eee072305cbc", element="C3FCB982B20F7C1262E1455BEE26C1FD_element_160")&gt;</var>
<kw name="Get Text" library="SeleniumLibrary">
<var>${text}</var>
<arg>${text}</arg>
<doc>Returns the text value of the element identified by ``locator``.</doc>
<msg timestamp="20230613 17:15:14.327" level="INFO">${text} = st Pant b Ashwin</msg>
<status status="PASS" starttime="20230613 17:15:14.317" endtime="20230613 17:15:14.328"/>
</kw>
<kw name="Log To Console" library="BuiltIn">
<arg>${text}</arg>
<doc>Logs the given message to the console.</doc>
<status status="PASS" starttime="20230613 17:15:14.328" endtime="20230613 17:15:14.328"/>
</kw>
<if>
<branch type="IF" condition="&quot;${text}&quot; == &quot;b Shami&quot;">
<kw name="Log To Console" library="BuiltIn">
<arg>condition : passed</arg>
<doc>Logs the given message to the console.</doc>
<status status="NOT RUN" starttime="20230613 17:15:14.329" endtime="20230613 17:15:14.329"/>
</kw>
<status status="NOT RUN" starttime="20230613 17:15:14.328" endtime="20230613 17:15:14.329"/>
</branch>
<branch type="ELSE">
<kw name="Log To Console" library="BuiltIn">
<arg>condition : failed</arg>
<doc>Logs the given message to the console.</doc>
<status status="PASS" starttime="20230613 17:15:14.329" endtime="20230613 17:15:14.329"/>
</kw>
<status status="PASS" starttime="20230613 17:15:14.329" endtime="20230613 17:15:14.330"/>
</branch>
<status status="PASS" starttime="20230613 17:15:14.328" endtime="20230613 17:15:14.330"/>
</if>
<status status="PASS" starttime="20230613 17:15:14.317" endtime="20230613 17:15:14.330"/>
</iter>
<status status="PASS" starttime="20230613 17:15:14.152" endtime="20230613 17:15:14.330"/>
</for>
<status status="PASS" starttime="20230613 17:15:14.141" endtime="20230613 17:15:14.330"/>
</kw>
<kw name="fermer le navigateur" library="resources1">
<kw name="Sleep" library="BuiltIn">
<arg>2</arg>
<doc>Pauses the test executed for the given time.</doc>
<msg timestamp="20230613 17:15:16.332" level="INFO">Slept 2 seconds</msg>
<status status="PASS" starttime="20230613 17:15:14.331" endtime="20230613 17:15:16.332"/>
</kw>
<kw name="Close Browser" library="SeleniumLibrary">
<doc>Closes the current browser.</doc>
<status status="PASS" starttime="20230613 17:15:16.332" endtime="20230613 17:15:18.506"/>
</kw>
<status status="PASS" starttime="20230613 17:15:14.330" endtime="20230613 17:15:18.506"/>
</kw>
<status status="PASS" starttime="20230613 17:15:03.284" endtime="20230613 17:15:18.507"/>
</test>
<status status="PASS" starttime="20230613 17:15:03.076" endtime="20230613 17:15:18.508"/>
</suite>
<statistics>
<total>
<stat pass="1" fail="0" skip="0">All Tests</stat>
</total>
<tag>
</tag>
<suite>
<stat pass="1" fail="0" skip="0" id="s1" name="Test Pratique">Test Pratique</stat>
</suite>
</statistics>
<errors>
<msg timestamp="20230613 17:15:11.902" level="WARN">Keyword 'Get Element Count' found both from a custom library 'SeleniumLibrary' and a standard library 'XML'. The custom keyword is used. To select explicitly, and to get rid of this warning, use either 'SeleniumLibrary.Get Element Count' or 'XML.Get Element Count'.</msg>
<msg timestamp="20230613 17:15:11.924" level="WARN">Keyword 'Get Element Count' found both from a custom library 'SeleniumLibrary' and a standard library 'XML'. The custom keyword is used. To select explicitly, and to get rid of this warning, use either 'SeleniumLibrary.Get Element Count' or 'XML.Get Element Count'.</msg>
</errors>
</robot>
